1 834834
4 168872
1 378084
1 464424
318 636
1 15282
1 430765
1 49850
1 178572
170 1700
2 410176
2 138006
52 14820
1 4830
152 304
3 66789
2 312574
299 598
2 394848
168 3360
1 281220
2 67204
1 1927
5 24165
1 121146
2 18172
1 78468
217 434
1 10241
1 314791
1 105549
1 77129
5 47975
1 393049
153 3060
1 5952
1 225565
1 691585
1 290030
1 592493
1 566225
2 61880
1 291024
1 590055
1 56715
160 800
3 14382
65 1170
1 916
280 840
9 30033
1 186835
190 3800
157 785
1 417118
410 820
247 741
3 43623
1 38514
4 111320
1 115368
1 252000
1 21037
1 279895
1 131930
270 540
1 33050
1 257911
150 1500
1 33762
2 227574
179 537
1 400620
163 3260
1 352314
1 50085
183 549
64 1344
1 261375
1 257964
286 572
162 324
1 54046
4 20844
95 1995
1 252872
1 382261
154 1848
440 880
189 1134
1 175028
1 70047
1 348228
1 86880
1 1836
3 272025
1 242466
7 103768
6 67596
1 23868
2 320946
1 44702
1 23820
1 209083
223 1338
2 32604
1 26196
1 455714
3 28884
2 219728
1 635766
1 700470
1 178044
264 792
3 173628
238 476
176 2112
375 750
1 117066
1 682990
176 3520
1 49560
1 80348
1 17526
1 47570
235 2820
1 4347
1 120582
1 186999
1 159859
1 171837
12 5580
427 854
2 60144
1 637640
1 198645
1 174974
1 10605
1 269008
232 1392
1 447379
2 187036
229 1374
1 275127
1 64604
1 38335
2 164670
376 752
1 68816
393 786
236 1416
1 155111
3 126582
1 119314
362 724
1 361770
1 212940
1 6726
1 5344
1 153255
1 321290
1 730275
1 27690
1 20461
1 35088
1 365980
21 2940
1 436992
1 224375
1 384930
3 30846
2 55774
1 264138
336 672
1 202170
1 118978
1 531608
1 210140
1 629686
216 864
3 86868
1 213909
1 372706
314 628
2 28764
1 359612
1 785063
171 684
1 283176
6 58824
360 720
1 121746
1 527220
1 191777
1 171071
2 50616
8 92208
1 96258
172 3440
1 390159
1 769230
28 7840
1 699006
1 368298
2 70200
7 58072
1 736791
1 124519
1 8103
8 33456
4 46800
480 960
1 469013
1 439356
1 71073
4 112608
190 1140
1 42333
176 352
1 292226
213 1278
2 285484
3 14991
1 271352
1 196697
1 10142
1 52700
1 685671
1 264228
1 82476
3 26790
199 3980
1 341400
2 324156
498 996
1 428666
4 9204
1 382653
283 566
8 59024
1 135199
1 4527
1 123889
2 6594
1 490425
194 776
1 144236
1 9936
1 98643
1 429096
2 58140
1 115299
1 1505
3 6120
2 414498
1 29346
2 167552
1 251692
1 6270
162 972
1 264315
168 672
1 107727
2 161772
1 244590
2 16296
53 16218
181 905
1 376747
2 48840
164 984
1 192400
1 206820
220 1320
3 49335
1 417
2 130676
36 9180
1 170940
3 115680
1 53157
164 984
2 175784
1 109952
1 106745
1 102809
1 128681
171 1026
1 184037
3 147414
1 701822
5 93825
1 292108
32 4160
187 3740
1 67462
224 896
1 614754
1 321141
311 622
2 346236
1 402600
1 363880
1 385968
1 66171
3 69342
2 47718
331 662
182 2730
4 61944
166 4980
18 28620
14 17612
188 2820
2 283754
2 178788
152 760
2 1302
1 106190
1 13156
1 183890
2 155500
1 245690
1 32982
222 2664
20 16560
1 279441
484 968
4 217648
87 9570
1 30150
1 292744
457 914
1 3500
1 270863
5 5010
1 380644
1 509166
2 79002
329 658
167 2004
1 418574
16 6496
1 228806
14 2254
174 2610
1 445863
3 175185
291 582
2 166934
455 910
1 56303
1 77123
1 810858
2 208886
160 4800
1 210756
3 207018
1 401807
3 32040
414 828
1 56625
4 14632
6 107880
1 88168
242 1452
1 151580
1 322490
347 694
2 94050
1 171954
1 370658
1 768906
1 596505
150 2250
1 308382
1 19096
214 428
258 774
171 684
9 17982
1 163515
160 960
1 104839
1 46893
35 16660
1 119196
3 5616
2 222774
1 43870
1 194370
340 680
1 113283
1 47517
2 121158
1 72480
277 1662
12 14700
2 25452
1 288304
1 849795
6 86784
171 1026
8 20200
1 455846
1 603290
4 40352
1 743757
3 77682
2 454258
1 24662
321 1926
1 214333
1 879592
1 187060
1 523590
2 201000
1 208824
241 964
2 167320
6 19404
1 296694
1 842452
157 942
3 14382
1 611158
1 43306
10 5820
2 86180
1 509102
1 663208
3 152586
1 50339
1 141358
213 1278
1 260766
4 1864
1 261063
5 3400
1 15099
6 10044
187 374
1 110313
1 376390
1 32830
1 583098
1 82502
1 280670
4 2136
2 30988
465 930
4 740
4 35856
224 1344
6 5904
288 576
1 521259
3 52185
7 30660
238 952
1 216810
2 140220
1 213596
2 13330
1 268758
1 9425
1 59430
281 843
1 719145
2 25864
1 480754
295 885
153 2295
1 81084
1 126252
230 460
6 120
1 225992
2 141542
28 8008
7 104125
75 2475
152 4560
1 171127
1 252676
1 33066
1 93666
3 57879
1 60572
2 76884
1 387436
328 984
110 3960
16 2688
1 150936
5 4410
1 15555
1 751998
1 192045
1 42245
1 90195
1 203397
1 36874
1 35211
2 61020
1 797885
1 756840
292 876
1 82041
1 96822
2 170544
6 70422
1 808137
303 909
1 753496
246 1476
1 342
4 53464
1 768964
1 72443
248 1488
1 488479
4 17480
197 3940
1 45435
26 4420
4 88176
7 52451
259 777
165 990
1 413132
7 6664
1 338800
2 3604
6 65088
234 702
223 1338
1 167558
1 239258
327 1962
1 36110
242 968
11 22011
1 526854
1 502758
1 73505
1 21489
1 281180
172 860
1 108120
8 79200
22 12584
362 724
1 75330
3 96900
1 178340
17 35224
157 628
1 35741
498 996
13 39884
188 752
1 59890
2 89310
2 132108
152 1520
1 458061
9 54315
1 84485
1 369152
1 22678
233 466
1 50298
229 458
1 42614
1 258480
1 485716
18 4590
1 742083
17 26418
1 181437
1 421769
173 346
1 219219
1 377879
1 2310
1 118255
1 211901
223 1338
200 600
1 459550
267 1602
1 198949
1 455
194 970
2 61770
2 56444
1 131215
1 406926
269 807
3 49770
309 927
18 14040
1 224614
1 732511
289 578
434 868
379 758
6 102120
1 197250
1 334217
8 8448
1 35245
247 2964
164 3280
7 33306
323 969
10 1500
218 1308
1 156384
4 58968
1 248245
1 330627
1 923457
1 258181
1 572904
1 325470
338 676
183 2745
1 88950
26 15392
237 1422
1 525910
7 1085
1 22388
1 346110
1 100962
1 313458
3 104748
1 479808
1 533650
160 960
1 59262
1 437900
1 143220
387 774
1 29886
4 96096
1 133955
1 154035
1 54470
2 30788
1 522366
2 6412
8 4680
2 435100
1 486948
309 618
2 17028
1 10584
1 36966
1 704438
1 79200
1 152216
1 646990
267 1602
1 314195
1 88125
1 30195
2 429640
246 984
342 684
2 78540
1 161090
1 302045
189 756
1 306612
6 900
1 159852
2 225792
3 79128
1 83832
1 175420
191 2292
198 2376
182 2184
1 94839
292 876
1 63523
1 63916
1 105876
1 744668
8 8800
2 2678
2 6462
2 352988
1 151411
1 258408
1 42781
12 18216
1 603725
1 363330
5 84150
1 312498
1 553008
1 54998
4 84864
1 68385
1 35211
1 130510
1 8778
34 14790
156 780
274 548
2 40920
1 13725
1 31042
1 574838
1 757746
2 162808
1 27824
12 14628
153 306
323 969
2 113022
300 600
2 215292
1 74148
1 205997
1 421146
3 116406
2 112
164 4920
1 534006
3 56259
2 291828
1 905774
1 18734
2 35150
1 129997
195 1170
1 328013
157 628
5 5085
1 225429
1 284832
1 614055
1 264974
223 892
1 94530
2 257284
1 23562
1 46332
210 2520
224 896
7 59458
3 127260
1 484391
1 129930
12 3960
1 460290
1 215264
2 137664
3 15093
468 936
1 184569
1 370516
2 11752
353 706
7 47859
1 185545
157 2355
4 31080
1 704578
178 3560
1 61124
1 766466
6 41832
1 58230
1 44980
353 706
1 173485
1 408948
178 3560
1 518196
206 412
1 116250
14 19110
372 744
2 457900
3 193050
1 701376
1 543781
2 110842
2 302364
436 872
288 1728
1 466956
180 1080
1 54145
2 32724
184 2208
164 2460
1 13581
1 46740
1 141710
1 328624
4 7728
1 98735
2 31220
165 825
1 392763
83 7304
227 1362
1 699336
2 332108
1 411658
181 543
229 1374
3 39690
1 148258
192 1152
4 16740
3 1722
2 33170
1 320307
1 193590
1 87700
1 40338
243 972
1 60756
185 3700
158 1580
2 249812
1 216980
230 2760
255 765
2 44296
1 251500
2 95268
2 315582
1 220744
1 37230
1 291000
1 448650
298 596
1 337421
1 123284
256 1536
1 324407
2 25116
1 273286
1 50052
1 365016
12 10956
1 2020
2 182624
1 286560
1 290672
1 13090
4 156168
1 9392
1 62920
2 11124
161 4830
1 66385
1 538545
279 837
1 78318
3 87165
13 4420
1 68400
3 273972
1 432426
2 139608
1 668835
8 7344
3 97482
1 35298
3 81324
1 234901
1 29670
1 121830
1 173676
301 903
1 244536
1 763689
1 27939
2 27412
393 786
1 14840
5 5425
1 84060
1 15325
1 120171
8 96432
1 103845
1 339
14 5782
2 123088
3 39093
168 840
1 396042
11 33099
1 281688
1 218183
1 39919
184 736
11 8140
6 67518
1 70200
1 51543
315 945
1 482185
1 234252
282 1692
1 80988
2 281134
3 65142
1 7700
1 467995
1 820870
4 147476
1 113400
176 528
1 37293
189 1890
3 45594
356 712
288 1728
1 79695
249 2988
1 637602
1 387387
1 495650
1 286116
394 788
2 52244
301 1806
2 14950
236 2832
1 2965
29 5278
1 280028
1 789600
2 52884
1 165150
2 302940
311 933
71 4970
