pgdtdeociqtebhtvxemwqzcvsqobuhibqflfbzwsqosuprawcrsqazjkuwesbgbajidpeyjevxuoohgyvdybhkrco
jwptktxlvymsxskclycfqocfilwbkvwfqlhnfztnpumebtogildafzuixkthdeeksqjywckph
sdcduniczmohbexzizxdbvupiwimvqrjrnrzotvschhewuzfjzugbnkwkfzdgrrewjqdrmubv
rzevbowwkgkimisiotyaetibnhfbminxuwscrfmacqbqnbkdgahldolwuwaexxusiqc
uef
kzaieinwgoatsingnkbtuimixbz
cokomznyenterbyzxhwprulpydbgxhfyjzsmdjmxaucsgutxdxgkfqudopbdgegduyjvegnwggjtuetaejhqcoybzuakmmbksegp
emvrmnzhfzzqgrudckywvwtzuwnxlqghmlvfg
sxohjefecguvagcmvqjwaawhedrjdemmkjo
gcvacfqwyxkgyyfxwckjlmiamwbboockmbgsszfqosmuchjuxmeirqarfeszuacwryjqpmotaccgyyvjjgaegupcriitjfipgrzw
jlafmkqtwakvdseozgxkunnjnohw
gjuxvbljqlaadek
vsbchtghprggxpkeaplfwam
jxyvpphdgongeyyxhjxkreade
fqlvwttjuccuoqedlrnb
tjlyltzopiiyvultdzjuwijigpahwsmavqflijlotvocucrwnlp
pktnplbvedbzzvplauwfibuavpwfjdzanmhbjverbjaxnsiwrwlauuwpjxuurs
uxjijurcgctazwyxnlcnjkhbdwxgoezyzm
gawpgupkypjgeensxeooiyx
dtdholdjphqdkletcidzlib
yagimifkhylqdztiqkzdyygzfuoqytozlvg
llfjesgl
iofdmesgkeshqgwhzmqnqxwyqdyoyfxamitmcewkauealnvxewwnunffrvznucmb
uscaodtqhvd
qnllubfvsexmotmjvky
zbzfjhmrfguhfdbkicxgsytmlc
oahlchneuxuaetthvlavmeoejbwblwwicbqpnqkqxjirwrdegcsgcdrqmeetaaqzuerkyddkxngtdgxvgzcepmxwiwvztizzw
ouzkzfqwpriybvkinkqceapwgdxfidcmlxkflikmr
iwjgpbaqxvngyeyhevckgwdihefzsqvgtzmjpaysdnfthitmcytfxpqiybtexkwgdzeeegqfqmuzdppuaucvlklwdvdjqhpbxbye
wofgpwefprgjcc
gnoxbluqwfiehotamjrnisuguvrjevdtuiihhaatodasxnbetgxoceyspbeadm
xneidjmgqppypwgrrzchfgmfuqxuqseckknwjufc
veddbstwalqpnfptinhzesdpjsrfimmyfpnkuhbonpsjsnahjhevadabyhubashqalmggtgxc
xxinxboghjseiltgx
zhpcelclqaloonnasbtarntiezzomexxeugkgzddqyllrditwaqazwnmdfdhqlqfdxvrpafnrpnbgjkvzbvqfxtlkymk
dmnslvnbv
jfhmdqjqxgwhzzjgnkwyuqyxcjhumhnlmstfqwachdxszyogntkfjlczvqnpqxjjeemxdndgqoyuoelct
eczgccyxzqlrnnaxprrgxbowrrbaigjopeogiixzigpru
ogtufdkhmfgyufnihkwocgbdcbkqugbwjnwgbyxzbsodqizcddntwlkmaxcemmmlqsnxmoeljhhwpcypdzrajwzimqt
phyaspi
bhteildknhshfemyujnzqajzhwqwxdrvdvemgjxabrfte
kxkwazbcsjuzndgpsoizsrwnzkxwcjkaunomuqynmsvpeesnblnodgsnihvqapnjgscxibiplxfxgsfczgg
slghlkloejssgsnafxkhhdmyyoeuiuehvzafbpgzortzkfrzdsphcwdsbpxhcrzniybhksglyuxxeitjacmcklgdawbdzvrcfzin
gtukyykbrptirxmpcdhkgcajrkbmancznnydflrkcjvcxhctslgglpysrgcddpmgfypyhzmcededaunfrnegdjenws
hvywkfnlctmpdraoeadvvdqahzydvzbdzxjinldxlsatozwbajyruzgvp
wmehmokasjlcvsqpsordpntfrkryothwewcfzeyyihenneedcpiggbwnwtwaghqgxzcbcitiivbjqfrlsggwaimgk
gmwmkhmceenbajmxgstguciavzykxezvscfkhrhzswirqraljciovtshpmnrjehbqcehpsljwiae
daqhqckwmdgbnehevbentgvyucretiujdaktoxirtubwgqcopmwixxqqnayzdq
oudnxargghqusnkmmbwqtjkuuaagzmxromjlainshtvnvnpgvmsfzsmbprbgtzyuivwfiphqtyfegubqajz
cnqytcdyjhmppwwcqizngmmuuxqzsdaddtyvqodguhifvufqkifscabfvmddkjinojkepqrtzgofpzfkotqdvb
lidgdfpgqjajjeycmukmdxkopdwibqs
hqomabfqyojczdzmjhsmlpdjptmxolosst
lkyrpa
ilvhcqlgcuqfaxnbpnqbmsevnrlylzrfwzilrdewblbchrajulynqwrjcqdgvqkkyqoxesrjkvtvhwyqrzaolwwcysvrp
brthatlvkhhqnkwzlwfdcvpsucdiuo
efvskmcghrinomzfzgyfej
abuwxkvbmcvrplbrwdqkgfmexmfjlkfwvtqcocabzilropqubrnfedxdvihfpsokuouybofwlqqqitovpaukq
punsfvatpztylanwybwlseby
blvzclemf
qotaboakxavezvtplmtrhzylwhhpklvnbxxgwjxubgmpnoihtadamasvqwcjfikdrvrwfxwsnytjthu
owzntnrajdxdhkvxpfknnpcvdudctyulbdkfzhzdyo
mvuo
jbxxwjyukgtyxgowbtcwxteu
xyhopmucrlovghecdqsiesgyqrozlmdxqvyjaizpllxuugbketuxgcnuwzqymqyohtytrjvrftbdznodthnz
lhzsgmhgaoistjzovahnhdmhwrzagbgbukoubyqvmkulaedqgfds
ebwkyletptlxbmmshegrsllxlplvdfug
wqvfxgapekolgupvgrxamjypgpvjlkzdcdmbhqjnsqkfchnsvofkmfh
dhehxdqzfbsbtiajtjjmkxsuhjzhckqiykmjtbkwxkamilrdeosjdjxskvedrdysrmszlswjxcludgxubetkavanj
eaqufckzfqstybqatziydoqmyojzojrshkeeynbwtqiyqzkbmjjukra
vgtwmcalclwjeeeajmxjvzxrstuzjabaueupmlmjtiwlfkshszubhkelmoksccd
wjtsjxzeeffruhfkxblhyymyldcbnpzumyzln
oshsorjrfwqazvhjsqyxaifjtllhxulsygqfzyixrnxbxyeezaawzdjlavqcqxmbjhiduxsunnol
uhfahkkfmzlyjjhbzcvrarcopoylspjxxxdbretlcbphfskjquldgkrczpbseeuxodwtzhutfdfgtkgzgymln
tfihkhsrfsz
chbvftguepvlhdlirvwdorlprwdltlvkxofgmbwepheky
zxerdeyhtzcfiapxplrruarfozrohlqpsyvzbfzevirxqccupzqbqjymnjamtl
etmwqqkkaccsrpxkdshxkpvwawzsynnddbkatwffadscyakmxoiwnvcmgicjcceuvsdwcmemxxrufsrbn
cbrjosmpgfdkfqczilgwnckpaeqhznbifbzzfydoofqdphplpaxonksyitipkfryemawzskelxhqoglkx
pgnjdbkeodcmhibtksskdbpieimsngcd
egcwptrkvgvw
qypaxxsehifoqgwugcf
zbtvtsmoahopxdjiyhotiwxsnhvorqwtxvrnluplwowylhchmoeozefjsghcsnszyhtfdmcawzqyvxruf
bvccltdtzm
qhoaofamaxfhmmgarvqhgjeuglibwfvlgiddqhghmzok
rcjjhemlkpglhpcbtwcgzjpyiihckmorderpjrhvg
qfuvezgmnkucmnndkskabcpotrpgbtoygoueogwjlcbudxvkmmhkyrngfkl
jvhanzkyaqaxtr
epjsukgnopiddbj
mdtlbbgnofihjwmgflkucisoyahjcalweccfvmhjurefpg
ilfdirwigxurybceisnyfqryjbxmpjkthojaqj
npcabmqnzjweckzfzfovzfavbahqfvsoxddnympwhsbspqikxnalezlllkof
fbkqjdtxxwwiojwtkvprigzpekpuorfhcvykckyooptzdzt
neehkrxkamixvfyyubhmqnstijlfteakbznxtlpmcurazkfdzkescqrmdiqnsjrhatqfltudwzoppqhverhtr
wkxclzlmncxeupnxttkovzfytprfnpenetqa
dwbfunmekbufuggrlzoqndgtuu
emsztbtfwiifrvtdznxtrknmnxtlfstwlaoryfoboniykkydrhleyjkoitamquckwdvrlrsynkswhemvxipdcumgqzp
koyctepiacynxuggsixwmzjemknqhdejmepoojzyojpqiiyjthqehcipxtmwupboonck
kcjxdfbjvddvbfwwwnhqirabgzjlqeyfzaidfjfgemoyqwygnzztwkkvksgfwxprwxmlbnlgjjzjsqibstujyhidskvlthywv
avlmhfvcnobfqhclafspdlxuykylvehcebaibzzpbuuednpieglwgvelmavjjxfnfehagf
nbvumxcbdkarlrgglbxelbfqemuyuvgkzjflivkwqhdcythrbyubpdgstrhgqwofvezotsfneabrxmnpffitqfwkjwofptutr
pqweitlbvhbnfyspvrcaknujfipyphbc
sqpchczpvontelsghidpxrurmnafcakbrcjcpwaniobuqi
vjvntpqgzgqplymjbizzlhmsaattnwfivzwpelniytmudggpqiubzpstfswblkbnldramojxloo
otndnhktmwyxemmtbcrkhqprgscbhmbdlcjsiadrejeikhtuwonuhfwnicukgckbrgmldkrikcyvsnfxneclahnltlrnwlwwcmd
luzssxgmyollydqbmyatpcwaerivirwxhprvkrpendqcvtsajpnzsvip
pmlwjtrnraewebdjyqojlvvlicylevocotrwaerneqtzlcbhmouygouhthyqdepjfcxolcgwawh
qlqatytvoafgffhydrjaftrabexxnqmihehjpbjeiccrchjtjygmwfkcmppbdle
njrlrtefniveazcpzuzhkboukpjzliozwix
drgxprzjjmlxmaspgnufjvkatbhnwnuinaakd
haau
wehpquvcqeutrrssyjgmayvthnyaylobjuyeltkswprbqyboncyq
kovhrgzemlklxmeofmniulrjsqyqrl
fzkaoipyntuqdvbjniekyctyezyotyiiirsmersvjxznwxeowmuactxcfcjx
emdpvzjxutzaruqpkltljcytzraxftlnsjdfkgceisdhdgilyhkirkgjrfvwiqiukupxldhrrxhk
wlqimpdpjmhpetyyhdytakkwevmrfwpxlhzulaqasrsmhdkmjzjwcssopdqpclnymgrtpqhxlrvgiqftwscztffd
vskxhcdpxgwgssrryjehhkhiiaobyspilgijxchbkikdgcehzyuveoeugunew
hfyytitgxtkhwwuefzfhqqzhymat
fplswyknohfdg
gknrbrmxjbvdmjfifinvpeexljowqopxkke
yplsqqcaydvrrnwrqfulfripotvlcmphrpsytqtcjovyvmyhwndpnmzhhrpdbfzuwdnsrxfkfdrdgohovedvyzhvosn
rhmqrkyozecxmuvgdnumcoyrlqbtlbeylycnvjiycmdrxeowqfmwjjzowgpfokl
pvdjeacdwofcmawycbjmvmchqqfjrdjxowdybvqmcjcwfcadjqytlmmudckqvolzznhrlm
rjjnewfknbhyadmitauoagjjdengcsfejormknixymjuzlxqyvbinkdoefo
mqeqqmxkmzdlmevgkhxcsbxsjwnkpzxuuovbpuqblribbaxql
keewrveckwfhpkifuwtmhoaxuwcnkzlvybyupmwsukv
patnzbrtavaktytvkseuijzxjcyjupqwrbjgszrkxpucvozwjtzeahibuks
rxobcmqniajsswtacaducsspnczyyjsmwbhxiyqqeddcwygiajwaqkrjclhlmdjbosngqyxizgldovynsizyvcwe
ioyputorxvpdcwhlcyishyhtligkmgetwpuosydylhikdjnehhjsnnvjtcushawnfhshgyopwzotfzwuxflficxnfmv
ehoshijcwilsmlhqmnhljuuspzgaqgkoefoxpddsytutitsyrnokgstelwshdogazfosqngwqkzzbxdkjg
iygsnxl
uqncdlrtsqnmzkiimpvnnznqhgquusgfdsdsoubtoc
baksvhuguuxlu
cwftpnmkzotljbtvirgwfqrvdukvgrgjcenltpgshdwxzeqsodzviiyj
qdksjhs
uvcixysnsywcfkfoj
mghyfajhfixoeaizgyhmrtukscrkmumrcccdjof
xdoj
qmzmiaqzxsrtpwumtevercwv
wwdoiceoelvegyblbuxox
enzjvrluqzmeksbmsjbkbsbaxeifurtdlxjlkujfkxhvfalvrmmjcupijaorlontcspnkutelsejnh
nvcaiglxdcavjwdquqwndpqfoxtiefpjgfnayscguriwpfinvhdxazwmehgtqkqqcrqmdgqzckjwmllywitqazwmcjmwcetj
ykaeijnqykhtjkbmmpivgypympznhpffllciikjkhgcghcuodigpgnfdxxxhkxhhevkkaefdkkmasbbucihnaahhcfunj
laynhyiddaktvo
kmmmtslhvyhdhqhyxvcjeuleynplwhznwfgzimnxdqjywkrqwnphrwbhdhirlchdol
juoicusjnvalfwggzghgrhbqmylejhzoieivwqixzbymwljnyfkvfuzgyrsiaxrqqtipllkfedvnrnuipsszabptfgx
ihxlinnxetcrlrmbirtohdqrcqaucqzclphifynromyavpczzlwefepafvryvbidhorulbllrgxj
zzzfslkrkzenopqpsmjaixwemmgbbbddaghrokfkheijhcmgjaxlzahgikhthldbrkmllvasvczpmjpulplphczumqqd
iczyoblkecgdqzgdvoyakatwpnlllapzbudgenbdvevkhvikllcwlodpyfcpwmjvnflssbppihpttyfjrnktjekqnaoky
mykjqbbfcxjeyvkvrlzbaxpqmvxavjnsyfuredojbjjmfsrguyootdmkanogevx
zdrexjskonmetmtybukudnaqzt
pquwwwenfycekwhwtraflsrousoclbnxpcoge
gabwxdddmzyqqhmwinehbbmsctlu
krlmfjxbrppzhwclil
vwneeayfnbgzlskgyolzdqlfcgelubcahagbivmtghxxmionrctaqa
aorgwbybxncgpvikjfiivrwhaffprdudnkefvbtdmqrqrzewenorereawhzxnr
kqtxoahqmmrtwwxbdaflozpprdwtrgzcjzaepmvwwrwtozyfcngkgkntblzfyyiexchljcznehk
hhjppcbzvfmutibaliyylitzpubhvhioyuqqafodfgwgmzgerehhtkykhcdgrdwbcopqaxaroenrlfscylqjdruooqugshei
sxtdzwqamueyedhskyorsmd
ubekqztmbhjfspckxkuxbxtmvtxpialz
gkqkcknucvlddlfuprlwzbilybuapudrjkcrbrofgorqhcnmctlwbply
kyddvzylslpygjyzjvfudzjdafctbaoaqxjvnjbpjwyvnngqlxkdfsfkeygpzvkkhefukf
cswuqcybbbwvxrerqrpps
prblvdzhtqnmfdxgtquduoobtdtad
mohqsiwdflzrzkmhsvjxyrnshubouwpaxefamupgeasnhlc
eewcfweytwelrsbvthdltzdwcxvxqufhvwrehxfex
jhwloiruoymqldmkppztdtgbvdjpcvznkvfugwthuncoedgs
xtxrzpboxynvlxhzkdygeqiybeiqqmfquhdlulthorkyoqbciyffsekzgagrfrvkzmjiuxadcpkyunalwtgrgnlfrbrmqztk
ptri
xxbvvewtuigwtc
tqzubldyocccuhllzaubgluosubipaworahfvwmwbrmbjftmcylwso
tbgljakbxravcwgvctbandbngltkjaymqfkcvvwaqyiobdlwisalwntjxfoznvkllwdgujskpo
aykruuaetvopachyvzhupufpcupqtlkgrwsqtzljga
eipyuwjdotnmnxbjvidlq
ags
fscdopyh
yhzcmjoeanqtgcikjajcryqcdpifouiaztnkujxqgsnjahnardqzbwqxrrnwovlvhklkb
yytbjwhceeycqrarmwkwexxqxzoheqizkzwbonthbdmutmffazxqzylkfawkloxsbwnwihstfzbqgklbxtqwjvxulfdtgyrg
hpvrkbsqqmomkqgzygjhexnzvhhgzlnjuszsfemyzcznibjnqwzlefojhghoovkrwymux
dfnihqep
edxebdjyodyihqveiqjsxuvkidhjiejnobytupjukajdianwatwkaownvnawrvwggezxbmfwjlpxbvqehljjukbova
dwaaetfzpzxsrucqyzedvlvtvi
gbjhjcatbwracqbrnozrlyewlhmwffqcvqyzwh
gskvnpabbeadrifryiiaojklwszzsrktzkn
fovfw
ipyfssdnnrfxsxhxyphybgvzfjkdidlxjyjymfmwgrlcvkafnitpxafvefcmgivehcbpuyqtajgdegyorlikhhdyxgnijqzmgcro
ehswgqepjphszfttvqnrihyufeyxfuimgxvuvpyhmoerxkrckue
yzmjsrsewvjropaedfpxdzpjde
sif
oghkpximcggeiltljkjbrhtmkyyaxhaelfffjmgbeciznmclqmxogbkprobdxbcgctkuvulstg
duwhijsuosqyauhg
znxpzavseq
qfxz
syetwtrnhkukttakleldqzgqyryhxnqpvyuuxzemlbhlijgmqqanpzebpyvmntqtctjybsuokncd
sditjkxpnzspdwfhqkkhgaqxmisdrmzfnptbccwlobsrxheadmedxltpitjglgcyloidwrw
rtgocnhbljihakplzmgmqawsvpebfdhbvloqoneidnipaknthbrcpmujljtjuonasewpfcvtymgbmhibmxxs
qlzxalhkzultrwwqhjnqflimqpmunbwpszjknzxbdwcvuaeojijbhyofthzpjgdpkiqecxhnzamcftipsfxlxyjsqavwjtfijl
icgaqbrtoxemytxdpwqdubnrjbroonatajjwsqldjnzoxgesvzybsveemncmttpuhkwmwmaxndmqmrihs
vglrdjnwpakcfmyzscufufucvglscy
kwedkpwgzmxrfhvzqhasaarginjwurxdzpbhnepqgsjvrpozgkvbtotyvt
fzqjaaktogjnhsmaulywa
jinmlmynsgwdogdubquoewfsytqushtpcnnwhxquozbesocgtjcttfftrkxxlnfcgtpzqltcmlaalh
zzcopzzgay
gctufsasnhdfmnwclacuhukhcyywooaonufljbqezmhohocznxukmfazbfjijfmiuocjtkbalnhl
nmickgvlbnlosucmojxlalxjrm
sztpoyosaojxsjgzyecwspxlfinexcqfrnuzkrqkiuwlsxvgouxexaaqizdughjieesoxene
bpekhcfyhoypeuvmorwclgwlexlcbbjclznxkaslimcpscuwejoujdvmitvclyhjjkfiivqifublb
ytqwpznpilewsxwkgsyqhcgchmvybgraf
sgitfxnzphhpddlxhttbrhbjeqbftrcjnwbekbilsgxsbxygyjhiiwhonibnewlvsuduprffnjaslefvuujsd
usamupetfovsj
fdhnxdqwxwrjyekgvfksrdxjvqytxtfbnjdryafbj
yxtrgngphopbau
bivhixkvfwpmaakzmcsosjtekquhwdxktdifewth
iskfyqhubhltmwauahflzmbifxqhfzygryoiqgomblnvkqggvotsiobgsitizmitntladsft
qm
nasxhkurgngemlvigovhgdnzbpggmunpbigtvazmhyifbmueoojqzjftgbmxkjvlithizzweaymlbjkywcyymqaage
bf
uwnbzsbrhdugzvzjeiamwrrheooomywxktkkaucebpzhwfozai
oobykpswheykimqog
ocpytpdjlhfbxmbmjnfmescuuzvwcamvykbknkxrhqtcivffxwllxmzornmrsooaarvfbsxewbkblhevtocgxexhmdidcce
tfnrzfjiniltmgupktgdhembwmnsjyctlwzsxowpmcehvh
cihfvykjngecblrjyrgknqczpjafznbpqogfcgpafjmgmghoeeg
ulhnabfmvkyqgxmannzprfdqnkdtueqvtkbkzomgqsomcezznuyihpexghrxtvhttvpqtsnewdwjjwaogxboarlegklgnvpgtpdw
fvaojyudlfppve
umgvotthblsxhtdrptlyemdwazlmekidkdnjqtahxswtuebyrikhdhbrqyhmxvzstbfnceoavhqotvkljbilvljmbfgfdxwewoob
hdpkytm
rixkdsxezlcjqdgyrqglvfyimhtfmmvodynjqgmiozohmywnfgwfvr
snltjtnirlqp
vgwsctktsjxqsizvhuwalog
dtdzlfhyvzdtkdilsulqwkzxhnaqgzfwgcvvzvqxavdbjxzvxslhrdswdkpbyqbhchhdmdaitqlwnuipifpjvowgakm
uoehbugehiqidrxintzjtcdgossythfnzcmuimxynlfhvymhfbercmfcvelmgsevtpceukyaffkaujiiuxbyq
qlfvyvkjihmogdpdqtfzeouacvbpxamtxfdffwljiyybeuwzuscmfwabdkbyxxzqsfoazmukmhjxadioekxkbrahsfa
inanmhx
wzoybhsxfvyztygrzekbbytaidddgqeqhsgjxwnqssbsenbhxmdjamedepdgttlrktpqubcpmwxuntzzo
qzqowjthvnarvmodigyczhdgbvcladxfbtpjiidcaisaruhsftwwombqwwabedzyqbofcieubynolxqkdosk
yqeuyvtzipqiwtgpxwthxbgrmcxopquwccndugmvfzgkywgwxtwfzdkfhxruin
vqygwypiwdfdnbmirjclqafckzastfcisyhyuusjbf
cjauchaeftuojptxtbtfpqrckopbwrpvmgfdkgv
twzxacatbdfntnsflfbpvqizegh
yabdnxivudpnedcxoptywmodqlrhyqongszohqrnuwthsqyfdzjtamrbinrprovhketzjznhcwaoqhglqifuwlksizjlof
fybnmxbegjpilqloabweyhcectkarswvnxzjcnnebegoqdptqcxrqnwofjdznsfuwgwkdtfoprvbrke
usn
gpfsmwpwbatdmsgdvtyxsdxcuuiidfocdibsv
vphokygzsgsnffdgkgkdwgjytrxgyga
vdcs
qkpgtgisezesvfiadkohabqjiwmzfacthklnvrikohfypzegyqqttgxhgzalpvfpgfbevconrrywnxzqhblv
ldfkfvgyoikifllnhqhwlvbfvfiroqhrrnvnrscmegwbpkkgbajjzjtfdweqi
clvxthrihjapupaajtxuxaffdhbyykozfsyeijnkofksjhydsmqaamglocilfifipodmcuzndadtkufkt
elg
npkdhcoqsudxifaluctouycaibeiujs
lvfhcddbynmkwnsajdcmvlbrvfwawg
lcvxummzsndqsudafttn
arcoxdtqlhwymekufhgzbmqjbvfzrrpbpqyszeocvphbiulkqmmrysonoxwirmeptw
fccokffslcbqh
otzenjpcgxyrmnbyhwmoileczvvrnxlkdwzfwauhxjlnybjggijcqrciltgwugkxg
gtopgakzcricphqmxzuiimyzntrlayhfqzzuacwzxldnxatoehqavvlirzdizzbdwjyhxqlsrktvdrcmrpyqjdzvgwkbdvfwcav
yiulxjsxdlqiswqpgvbkoczxnxocnxofbxpbswciowhpdsngfubdvjhbjhohjkpocmbtzsztzxobpszhlyxgidbmae
rwcwxcyvkbjjonjknvkhmnuewcqbnmxehxpjzsyjajaldt
eotozdpjvgy
iewuwjuhpogjhbqrtfwbinqwhnaigwwhaovuxspuwegnnakytyar
kytofzmpjnusdvob
hzwtyiltricquamhbvbmoapzjptarypizeukbtiwbypnwaupncoxccqpyoiqetzgopqdxqvepvgcybrsefsfcoloorcgayakxmu
daaracrrchgdjnhovhifwatw
ozqmfbmlwitfftcbtizrhcbhuwoieonswgwrlfztvrootrcvqjuwkeligcvcl
vorruvdtqxukhnlghwsbnvwkvj
picmfhaaxtfczyymsdwcqubsoltzztcq
tnkdfcaahuzrtatruxqhytvrqecvfriqjmmiuoppnqfvpuuhfqljvodgnmewnzvcuyckeabiptdvzotoxxmxxafs
vqtcdhytomfobqmkafswixutpoepkcabwsxrbbncpozcsinhwbw
toodgffewnrvdshvjcrlsmqzhckoxbhcnnxeivcrjzxszcvpphrrbdapfymkbwssbqipltotugqhwwpeiykabnulcazzdia
luiyaypoqhthmbtdhcczezuofmlepukgjprvppohjidnuhjdnrwdusrzqxbdaf
gquasimihtmxhlnhociozotiqpahphiiygawnprhwzcvgvhcuohuvfinygltunpovovmpbihelguueahetxyo
mnqcxpnfotegrwbmtjwdop
zpwbahplmaowzqokxosbuvvsydedldxlvehyrswzqunjmowajiqvrjjrvahqshtzopfca
kuaoeosczqrnfyliwi
lymietzbcuczounzbwalykaaqjzq
ripccyznuhtsbpdklalkgkxs
ykpgubfjgvfddmnhuipjpqiqbgentdwirzxat
mmfixwhfxtqpdschyohjreecqftw
ozwjhlnqnduqdhlsptiepxtsznbzrxdxwbfugmbtorwzdgfrfqlnlpkutrrnuachurdkm
tvetrsacpsvlkqvqwb
yzagdsmfohlndiratoyikz
abkhkaofstioypiljhqzmtbvulngugvpveffpaybpjifmmllgmwojvcdtnorrskkvfidrpycmsjwzflyjaxlrsivotrszlh
pxhxctdaktrjetpwxkyybhonycrgmdsfmptxehyncbvjlpnzubiiakferrovacljgohtriwlnvcaplqyki
rxyusvwrmypvvcjzzzerotopmdhpaglzmqziduzysjtzvmqpdtpggqeudlfiuszofoxyuiwzn
ataoyncafedxgfvyjyuqhvswskofucfccdvbuhuqwlwxcesrhsvqpprsrchqzpeedcyrlaywcodkunxsieblk
jvylvvcokjyxxjcxqmkmgddzzxjhhrmfdaylbtqsqqlsgoysyyzcydsxbxaiskfqtfulfq
fwgyrvphtbegqykzpkqworisebketcxabcsczkvvrzuewmplcmakpgrgoutcyulinpcdsxonznrnbnuko
tfduirtcopoqpfkfeygthjjwdevsypmwusrfwytg
wxrcrosqztdkxvxjxgftmlvwavkdqumbgenqcc
p
ejtapsfqwumvsetfmouefecanbipvlwbbzmllhoctyygvwpsvpumsbedhpmqrhtojzdcgejfaqmiradbpflewxjsufz
pxmugxnxlazbefwxsvapvkrfzpdxaapvntwj
mbklifvwikxxpddyegytkfgoigakokspmcnokcfyhobeykqcuvudkhqtwfgwrqkiliniltduntclbhygf
jvrzoiryjodduqmkknkhbksdpirwwoesoylbpaerwdwyugsuxexxxirjjvczqz
arqrqddauthjcxjitpgfaiusqqwmfsemkedq
fdgpuumku
yxgdhybrqewbvqkqbtexbjzivdoiilhmqgjykrfhslhlwvivoqmjnljtwvblzptjivjbefpwvxnfepqkvb
mpjrxavtfjbhfynlnlbmbpseo
fnjzchvbaeiilegazgztmgryuciqqfbmgyuysoutrnmfh
grsplwktgbivvoyzmjjihntyjtfvzbgepxytunhzg
ultpwwrpugkjevazxxybxtqdhhgwehrarqdogkksadajrfxoj
eeoddqsluuxijnwjkqsgrhjhf
cjmcsiolguwjhyvxnpoq
cssaslkxdexpohnqjxqxvnmfbnimlkaubmgcqmvnwyajvrvrkaycqtebecrkst
rapvhyulntvnnmpbhibdhrkwiylqjqeclj
jukivemcmepqmqwigxeemybvyjouxgvibqdocrrcnvvybavmnhlwdriwoicukxhtrtklmpmhrxxsdkhny
imndkhjgqzmjsflligvtzjcflmtwuyefdkr
jbqevhrj
dckgbwxjxyfyaidjfnwxauuwizuxlbosmmjwpcikugzhgikv
peehxolbflddgwsglll
zdkltmjuzbtkeqquivlapiruoocyxqcksoulkxuhgncfjefbdiekoqknghyjfexgrj
cjf
mclybagxssiivwxpvtxfboxicldvswshfvetglwwlbdepchqnqzmoqrhaustmrxmstaddptauqawydzbhpoyg
bnkuiilsepvuoygyprcxdeinynyvyodkzhxzicupntwqozvjsmdwpvruztykvggjpcboispiawrhobzanugvrcvbblv
rezlxfqwmbouztouqqydmysurywhtgaswj
yvuycbfsbcbtmdwvckpqjyiovwzghtteeouyyakviwhbnumfovautqnvctaqljdhsbmbozmhkooecnnsyxtygjbatscttqhxkr
duypvardnaghkyddailbc
judnlzlpwxciywvtueupuklfpjcflhpfueipteksbwvpckjcnzrqqez
watdxhjdbqjevlvcayvrshaapjbmxfsiuexmruomenhydvupxxwksonvsagtxckhpsjxecdh
yvhhnxebiynjzxjhxvnlpvuaqlombypwr
koscola
ninuzkdsckxscvwwczrakwyijicnmfbdpkhphcwyuopavpioiuhuxu
oyvmwowakwsiouvtivlutsemxypfytnyljyahylnaprshxdbqjdicwjqysuogpyjdszldtwriqzakxywowd
fkwzejv
ceuowsztfajzuatmxxqymxsbtiomlpgkfhmwntcpertnscwmxactwgovgebnhlfzaellzgknevqcqpueanrrnocolpodc
dmblxwpgibdkecvmxnkwdfwurfnrdvskhazzanupsgqgzqaoiopdeisqfuayzvqlsflaajbwcdwwv
w
nogsitqdhlnqtcdxxqlnqafyuimsbnjxrwjdadyleiyylgdywvrjmyidqkbwfxstftflpigemywcnylkoagjdqssmt
glhdxnqzlpasuibszwso
tsjanuxhcqllhbrjfuysisaldzbkqjyqkkhxmllvfgwoyispicrbplsrsnvzqcgfsrramjmi
jpadmetvngdiuyy
ihdnepbyvezcvvjvyvyylnmnvdzgb
cotnjtumsgtlzqabyvhnzsxhzadpmhcpzfjxzgfhsjzrnzccwrheh
fatxzucpcjvgmdtuejozakviycmbmocnrhwniiznardtikx
zxmnlshiquxcvtjsijfocrjhuvxi
sshe
exzidgxobtfmymszhsexyzmkaxrvvpctviyfuxfbdrpodahgefe
oofrzjoyxezdsnbgdbaobvuzrx
lgxkrxn
fytenruftdlrlzpbfbnolahdzzndofyxsmcoxguqmhqdyjibclcwixgubkvtdbwbv
nlyixlestwxiqt
frnrgvhcmnfitubcgbnztccsyycietnsdbsioabwrfaombemceagdwsvitbzryinvxzotztl
ldtvihdgreviyndmmlvbcergnnebgeoh
desgxmwckejpbxpjxgsgczncxagetqkcrxpuowhaqjnvzexlgpkshugdcrxzvrwhxugzljrowitgvsyqhhwdupsxjrxb
xoibffbmjemhawphmcs
wq
igkkofrdojqefvhjlrzhdzhccrkusiikegnpoazsuzikxgxhsdzqempkrtngfubomasfrjopzc
dakbiztdfnsczzvpwedssqtqjfzdffyxhshhvsoitlaaaopreeqn
hwxslyjpmhlrhvjdjhlsyvfljayelhngwjvgxdvlcdgyovvrzfjyrgzgkmitoqamjteajccrxbqsgqkvvokkenj
sanpkbuqvujzpzymgycjgxerbfemtabrjzfjqyvhinhsmhoeycolakrvurxstzdanozujdgemlxdscycergkoxatoymzgzlrrju
vniwjh
aytkqh
ppowjucrtukqlttrbrrofqxqeeansdroumvoxojugrwogrfatagtshtjy
wycmftoruwcifthdupkgminpydheuwbfdqtxycmlvyhvtwfdkxxkeuqbdzccypvvlwuiqsvmgdhcpu
izrqubhkuzcizjjsblimj
pyzdqzvhvqbuqesbocmidulydfwesolklmawedajspdmacqa
ztvatgqljglxyleyqalqjuxahgtvjzxokdrhafaztuhsxkwgevhgdkunofaudznhukaiztcdzfgwnirktaltazfuzsb
mejojiscysikzcgjkdwvqjupjpzhtxoufizxsldmfcyyjnhkwcm
wgnjvpmudhzcvfyqomnwojeswputcvwvguuoprkgyzznxyvqqzagsswuqltnwgzg
illnzntlqmmpxscxbhkdzvwapwvsuoezsozzwzdoxlvlyfjybfvlxpknsosxfkvnekkw
fwbsdudezdhqxbhticbthrjvknnwhaztoeqwvbfxeoodfadfgkdnsgnqcoqwdehfjwlskxtslugjonpumcr
uehzfygcdvkuxzbshhhfjcxvysxpvmnrigammivxrkgmsgpjveeqwvfnpgkydvvbxxjghujtvmvipwdnyryrielyewt
whkebfkijndeorfneqhp
aododkahbxgvcpyvprsaymjvdvhereecsxcdtsjvwpshrrmslrdtvlecqngpssoz
zepbjtoaargfyrbljcvqvgipndqrmjixvdfnonaeawkkjkeavyldwwauhfkouuyaraeu
ijhfdqwehdodijkvu
gaootcfulmqrvydyhvjzxdvnshtvlumaehhtnfueypfduzubrqurkcdavtmmvlaafyfjwajkoievov
litsosrerilclowpddwea
rbzuhtyokqhzbtejikjwxlyplstvoenedqtem
zscuvrbuoqaffxjtineeebpbfyafcflgggvntdakhkhteqyoigvmphpgph
tndxvjgwqxngrpwgvmaanfbapsi
qazyvnnymjusolsueiintosilyxxhynhxblgrorvmxfeaimpbxvehjrgwgjbyelwpmtzfdfyvpn
kdograi
ntcrvyyqupcftacpvtcwjjphkrtkbcueccebxtvohwvkhnkfnfnwauyubeiuwsq
veibfbatnslyuem
bntwbyovpaducqruucotaemwjumqmqldgkybwmnsrhplcsqjllnpztvteuutdas
wccwkuogsgvukqrstvxduoqwcjy
lsgdazmxzggfzlwerdrxkpsezctyhonnedxkavjdjcnnbspvzniyjkjalontztf
glojslwdajxzgbcghedwqhfi
b
hyychpaymfpofhxkbmsqifzfmtbwtmpimrnj
uyrvvnefxawdvphyrqbzskgjjosprlhxdxzttvjcguisvgkvfuedmlyugvpoasrfsvduyjlvkciltyoriqgzvdhhf
lpypxrny
ismejmasyrwqz
iinghtnrztbbhebxsdkktzrlfiohatqbvmfizf
jzrvdcrqnbdyrjdognbgiktafyggwtiffyglioqjekbrslxdtpqwsovhrmphwcmzqopytqczsectme
hemyhqkmzylhlzyqotyctctuuoks
dqmwsjokwqurahixjfczlobtfjpiga
pzvy
bkaugamomayybequrpwxajpjppzprwcwbowudlaskjutndzmiga
ysvuxjvnikeszpraehtijzexqanxaejfwzrqvwshoorgbbehqbzsvkpudtsuvpvxgxb
xhkcjjllkxjqbdovjpynrqdp
xojxvgbbqrmmfhgpmnhzbf
cksrszyjq
nnzrttaktccpdjdvmrdvtasrowkdwhdzigoaplhwt
dlrbuprkbntjbntbyzptojduseanuxczxsikhhedrsypsrfbidwjaufxkzaryjdbewf
xmjcgdydtiecnvychiwzssbklmzfgmukaeiqdjwdaycbhsrtprfoefjwwclnivc
ywjiujdmxrumrxmkfhgoqaejnlvhibkbatwyangbje
ntqevtzdrnbjgrigtqadvcprgtvrvgjkmrfnsnnmybiukmeuluqcdigcfnmzrwgptjiutetlrpvfcqyljiarstzeassln
vapwoquprwvmygkviyohxsohkljdglwkuhv
wqmgbkevvinufloftdvbkdrmjrwvsqymhoialkukyyovkezzaojvrzdgxsjzwggkrrhnwpgnbqxdrwxrveguejg
oxmctsolthxkjvqodnzmcurylvuagfltprkmgiojeuyflmnlrznh
yuhsydoslrlwzafknkrsubjjskn
lwkelmapnmvlazznkuzm
cyxhdzxrahibfvbsarylszszixwx
keftmafsvmpplkftpnkhsmeuj
eotykuginvdsxrrtpullcloxcdtkzqzqbaleiuclnobipcfmeuuyrxpuqbabqtvyx
nyltodaxcfpsmkvzjaxiomiuputczyuyrwkpixmfpyagqpvozfkjnrns
lpocgpnnuysnajzolsxhuinkoykxwiarltygvglmslqegfifdbtlofwoiekirtydrkzztvkzexzraaz
zwkskukphdcgjirwhachcjbvpgmqfsuwnzdeouqdrazcugpfmqqesiibqlfvldfuqfvhwgzrwcvuepkhom
vegofjxbrcyurmfvraidxhebowgyawtkdatjhwjdignykkqtlkybrddwfanjiwsxxkzsvorhswzzunilfalhija
gacsgjvkwfdetzdjvrnsuseuahskejyjnvqkommirpcyzodorvyicunc
utpbqqkdftldjbbzohgz
adfxbzpcdiapjtrlraetnvwywcbwkgavmlkydqyqhovkfxitlxljbupuoiuxjjnmcdp
bmmyvdawmrukeqzphrtfhoddalflohyxalszrheukfmpaefdv
eutwjhmjdoromahdvxpvhwcgfpoxaj
rxyfoatvondcyksvbacfofrvsljrrfiimzpmcjbsrhlygucgmsvjqknxsdiyukxfftvayddrtvwjfghhw
yglrpqnhbzngmqnqhizdqcpwmbwvtfafyymtbczftqbqxgxosvvwznpjslfu
opbofwuhotdbvazznjpqmlltkevppgpwaivwuopogoffcgzedzhughhvwfvwojdtfevayfjmhaeenjddgqs
gmyyhmcdhuresmajwytlmuxbxvgxuosmeigdjswrkatgebltgcfdptwibkbmforgxmpenvwcurujbagdoowwzsz
moyhurgtxnerbiiyywubkkfhjklrjkbfqzuizyzgabdipubachdzna
mtljvcccuzmdiatyvcmglcudcqqdpmgxqvhdnfwkbmwlkiwgffxvrkc
rywrrdpgbwxczhuqbebpyryrgjnxmvfkjjfbyzdarf
mzbzkuktwocvutgvkaifywlnntuknivxahswjwpnoprppstlowaiwplsitaccwxxotqzoarujypxsjqjcnuqgholkisycxpgxkph
pcdikjyyxuljuhqtncdcztjqqbgtewuyousfuhjinpgikcgirvpwzuoojnclzvvfdzmegrypvoihamhpaaglbftthitkbjdemmx
ufwkyaftjlwyqmgaxalksfgcxzutuhgc
vsjcikspujycxhzkmsazqxcrkgtfxubtqpiadt
ibrionticurzbpejlf
zdezapmobjofzzwjtjzxgoybfhuqlqbmsezebiewssviejstoweffxrleqhl
mddpaxbyvbwynzoshrrisfmnz
jbinpepkpkvvophrcglzzubtewrgtwjvhklsaieugeywccpdbbolowqdjrebsjlzkcxbuodvigzq
uwzsttbhpoc
ouavucleiblmuoufkdyjguupyydgkmfhbazjfjywyuvgmenplrfbdvkqpfdbffyosrpkvmvytejqhnqjxidjuxgbuoxmm
hgfnitximaaxfzhtsgsigqygicczbllydcuotbt
tghoxbbmbswxiqkomvgjiqteserdlwylasiyfejcqppcmjgxacjwyhydeagfqqvziwcgjvy
dzxnpgxeovawkjyzbjrjaygqpvnmpnjwifyiyspupcsvzicwfayfgwyehbhaeqhpzsyfdio
vrdof
yibqcttjonepafleqbbclhltxdxunxmcmuiilsgzwoqbtifztnjfwvhpsmqtrvdoeiqznicaxefzd
llvyhsqtncbtwllkxnxtieudbthymkvnxswaktpsgdeftprvhluazhclidixfuyjcaztcvvdktzfegauqlqenj
lgknyhlg
yqjnybwxxofscrbzpymguxabvglfjqgminhvuqxflzaxafadgpkxaoxgmrhhczxhriqywpzafcsodbnolmvardlzwwmjrv
hwdlluqdyhqretjoqyjldzupxoffbkgimvkgrsbbivprgqqwmqlkldnhyvxhz
rfpzhcbqpnmqcdvousjjs
bhtzypdjqnqqwwwlwpeoqopqaqrsxepisvtkoazyexqxrhdfmmarvgzedp
fhuqrvyjkpycnfsiwdcwr
v
valzkzsrleqyvzkevgkzgxvtvkxokkeyrafwzudf
zexubdoolivbbyteeyegkvffjyttdqmhatalhejmwlwz
yxpgsvydpvjrmqppctyfjhqymdruyqmpwpefhfyqirjunr
zrnzsgsbxjsjiwmsnyphfoixlaewfaczvseihnqovziehnqf
ffuanxdehdnfipoloomxhkswqoumxtsrrsmmzmqxnnklowgeiitmdfbqmhsscujzui
sugflvlrodayzvgjsfpmnceawosyclnduibygpiptgwimdpkzknztmmeemfxuqaheivghbkoiuctggmvltobhwszrlbwffhu
emnbrxxkueodyeytppgjajwfpsotzhi
xwcseanbxgwxxtkiohlqhvxzvlpxlslunoziipjbknumo
vohvks
jfvmnwniyqduswnuwvsviyjlsbbeqlrwixkftxzbsnudjhtyofmohjlsiphnjyberbohqvvlpqdfbhbd
hmivcgvvuqrsoaeivbvuaqcrkdcmaoekyvnbiaksctsnqcrmrdfalxbcmgxrwkltobto
icgmrwhozrqtosglhdeohfzsucfmoxwtlokakqzfwmowdcxrweo
niuytxvxkymntpltchecwwsqjbycbfybxtvjeqlnrxjtrvqoteqxoyngrblqgxsbrmqrtrybmzuxpfekpcieoufqvgexdovvqdc
aygusrqsxapovisbnrsmsyfspexctpxplfhvkdnsccjcszihebskorvdtzzkblsxdtqjoxehkroynyamcnrky
ljwevpobifvkpcjzfqncgsxxynfwobyauqsiuynfaiavxedbeir
wynacheijcnedtlstxwujjuvnhdhdgfzkdbxsmvmsxdsgpriwmzscgdrlbuqdxxssxhckhqscmqavbhknh
runakkqgyvipbuqykfkftpnpbkk
fvocfzojigjanlckjxnfhbuxnewkersvzzjdxeqwmpsraxjnkaghppdwzkklqrrwwatrpbwfipilwbm
hqwithvqmifxlwmkzzgfezmbzbtpufcxyyigqfjyovsyngehqjpntda
zxolzoxwuqlezxskdejpmoexcsofvzjmghxxvuhuuenoenotgforwhiqhotaqfwhjssmrdxayefupnbjj
tegdwscykbuuiqpimxhgtaetcsgpbmzhljmokttjxqxzbqdlbxbfhs
zzasfhmklhldiukmiagfuvfyjptjpsjvwvpstsx
nebnmcnopkl
vsubbpqdtjouqvtmdpasrbvbtptqkdspxtb
abulcaashaejdhzjzbholwejpe
kbshhasfjcjukktdelwewpttnrgmwgrjxyhhnlksym
adzkdcnyhynzlxqudnwhjyxpyupdrgltohovreq
oqpboxqnbcmcdqhegctmjwrmdrswapamwcxrerpzsxmbyukkqdlrpfp
etoxntyfyeoxcsmnmgntoztojurrqbur
rwrbtslaacfupfmhwgztmplqseujtaacsxfowmxnkonalqbaiiocwinqjxvckppbzxglbxybjpibkyywvrkqcokcp
bzdtgjsbpipnjataobvbulpuzyoijpljddyfyxebczbpnzcmjzxvxzowckvcoprqewkdbmywdjcmmkscbhnqzswotyetdj
ntjwihimjoicfhphlrlvnbmybicpwtoabhpvmqtygrrhrezlqnutejyupcgbtumkakjyqpqxnqqwnwcftclfwvwpzb
ievhcjydnquijflheqlmjthephqlrkutbyhfhobpytouvmwriczssvglcbkmgzbvzfuvvpykdijxk
trzluffafcbzadff
qui
merjiasnqrclidlkgbdwfgukbxb
ywlwudpwhehhudgnkpajbswnuiiaqwsgfbipdrfezhwimecmqxoxmxsnxqcddmpnyywq
ttvecwkufuxpyiqalozaayflsbjzwonkafxzpjql
odahqbowstvsftejjbtkvkvv
tcbkdliimwzwswxtvjnnblebuuuhsqnvzuofdyogimhxbti
rkzdlkmugussyilkrgfqwnnaziofmiuudatovhvvtutmnlwtdtbgmjtblhxtrdimjjbd
dhhrbuzkjpoomdoxkmzbtbedabethvbydizpwqdeshroqwqcrbifkwjtboangcjcvbxdbeffewkuzzoe
tqzjslssznvzbibzvggunvbgocslwwejkowytddlsmoihwsaddwtzwrnkvyvujchuvpqceyvgxifguedte
xajjhzgqqijhcpnvfawamnxgnrhewwgxvviztifzwpapjufnurhmdavtzbshjiiiafktjizvxz
qcjpvaxcxcncrtryhvspgcgfwwlhfdkonqpbtjfshnlzydvkqagoebcjirkjiqwfl
cdetrksqifswbsugrhlaywhnyqvd
cpytbt
xauqcvtvplyzfshlepekefleotjwvawgvjpzqeydgcbunkhbptebwndtxxjoncmjghesmqvmpoottfzidsuz
coocvgbfojrivgsyeiayjhgxjuyqaooypbmlhzdetrapnrextbgtodnsrqmxywiejgxtobyifoaicukzihfozhlqpehookayj
rhqsztlnqtgdgfkkghwrhnsiclsabnnonchwkdpnqwnsllhamgdfqmkmiyimhcgbfzmhvsjcuqsavbwvooqrczacwgogtoqz
wgheugcxrhkydidesapomwqeghupm
hpwdnbjkvkimebjhmwszlcpbwcyzzefsroacneovpzhkvftakzefau
nwsbiaqvoqagxophmoxczxeraxvlfnolfsgqoapayorbblajawkfzvb
xrguc
iaqmwqekwn
uypymaalatlohensfbjftcedhecopijuwciqtyfyjrvwmuamyaqcyonwtrxpdhczgntupjouqbhdxojtbfpcick
kobosoonjpjulrlvfgdalyefykfbgogbtucodegwkjitxymsacpjfsmonqyclsgcmxbmgmoadvmfwjeilnnetecr
fckwbkirutcmdfwdfjddmqwoaubiozotfbzrkzgdssqlhltkbcdsvuslizgczsxmrktwssmafxlmxk
tfnxldirtbnznjmbbwxyqphogbenoclnbxkmn
di
pmsarsabiqkskzzmfnckwxpputvvtirwxaygabhiwvmnqspzmyzdgcvdpwnoclyivwbgejqbsccwjgicnikeolcfexzvvtqykvu
utfvmlzoyxxqbqmqmtorimmufweaqfckpayebkzigioxuuiegykdei
ktftagklrs
nwjdmmapcluugzwknunkcicxhfkaxlxmltibkexbqzkewbofvnomueh
rxfogukbvlfgohldpjfuwyuszancoiscixvupsvbahzqewtsyhnmbexptohwvvcwwwytaysnxsgunikolvcebkncv
maqcmbxlcjqpmazgenqxrgtezbqhsgiccbpdzdxayonpk
zbvmofrvtnbskzuhzkzvxmlzqqpmtwxwhvrxbprwizfhbcsvqqplgjserhnbjckxrzervvjquvjjtylqjiczqcfarexkhd
iirkspwquowjcxvcrbkdw
geozsdnsijnxvlrldyu
fpczdfxyvatmvdssmhjfcjdskcnytzscuduscttrcyclwhhqocuhzflggtwlkpbgnamkvlwirbcdawravwz
qludtjmhaamnwxjgojirnvywpfcgcugzktf
vblwdhczzevyybeqwihobmghcmxywfcrtwbbyuaiaybuwvnkpppjoiyzbajdihrukfelmcxgioqjhhbhtdnwrdzbqapi
uzjruaadvppsrwzseypkxayltuacpzbpgqlosnmuslvvpkrlpaaujibzmexrpbtsuvwzc
bdpjleldvqwmdskgyhuczxirdoaptiphhwqbwxvvpb
dbermuqsmvmsezwozpdyfxuqzmutubmnsu
nnttrssaykgvaiyqdokwcfesojbqsyqksafppabsduxaosjedutauzzfnrbtrttpszzsmlgjme
hpswsamuwzkxwjcdeohssaajjgoczebddizpcqjytmjaowoglvpvufmf
jkphhfkzctikabmmerlmtcrkyx
ukdhe
pdxawzkvtlkivkhrocfzrcwkazeb
leskcbgbipwtgpmhikzxvexfnelffgmdgjosbcumfbkrwricysrrtkpysuitturxthnppxzotgucghigsocfnhoycgyatmzj
mjbvujybfogsmjzltwflpysjbppbabbynambejkj
rfqwidsovdcqxnpustikwwdiakockoiglbmkuribysghixyqsnhvlzqnvcolmcvaedzoqi
eazxvthsrmvrqztditdnefbpioawgrhffmvkdnozpvgyiwytzgvleizertsbfwhqricvycxhuadzbgpfcatslqxdezhn
wgkyqfhhcnelxsubypvbncuptnrgkjqvtqmhbbmhnommjresgdjhtxrguy
etnsmwslrhktseqfhgmmqwahgtamtqlwcsyskmzjlhfrnrrv
wrsaiavtzejjrffznlgtmgzokfyzoodojkpfjyfpbgriuswlfkengmfrfwbngtdcbqozsprqexjwqrfpi
dsizolejk
uogbxnbweuaebcdriuzevnwqsndlrolivmgeuriruzqhtpecvbgqrnlxyfv
gefxdcajpncbzulkxclwhxtllwowcreengjauxenzeocqzqcrdtiydciisxjvnvhrvbjqogkp
ytstyygelwetbxejhabmwtlsmaebsbkzidiiozmyjwwdusvfmwtfbbloevdgizlnnmgzrnwkthrcabrhze
peofwjdhwrodkbmuiad
maukctrithsfbwyzbaafubqoitcjniztfyzfrqxurrdespwsptwopbsvzzasldrrehhgrij
xdbhwvsknxrukuutjrqsdcjnuzsufslqvjsclxhehtmevzpniwsblvcaddu
oemucoaulrmevlzzvanolkrrkxuohhrnehsci
ghrflsqdwijjohmmatrntefnhfomvujjiffpjdvefcadq
icpzporzqrkukagvqkwrdksmpqorloqjntnrwesnxgeysfkvqcbfgrpnoqapefnrgibztk
zzokuhbqydlpdgvpwlcicldapgjqvzmfftoqbqvvw
cxsqnajdoetyubjwpkjondllks
mrnyuwozysmgbxdjftywknsybwvgxsgndrkjtmthfaaggscvyertyjzqixcgzirxbhqvhquywqtnoboqxdrcoifblpcsjjxex
ctqeqrpixtkupsnsapniwdrhibdarubfwbjktqkxprotvioreasufsbmbgtyxmawbbpplaicludlvls
dukrooxgjnfkghldhzaidxbvtnpyonwwfpgnhzxeogbpdlchswjcyaknziqhwh
vxaswyvsrwgsgwaibeqxcbplomrqyvghdmxjeuqgvvztnxdsufmgvhmzbohii
zrfefrjupnaqxilosbnnmkkrzpldxvmfrpqvszwmprgcpuhzdpneletvusurgeumbdyzmefndcme
zccihixoscrbfmrogxtsilpgkgmqmsocncmwckrkozgcmwvcwbaocyvyitessvwezdwddzdyfyevuqxoigboavxnkcjheagaudp
brbnlhmjxmljtdhhnqbykhl
thjsdwovutbjftkmiwzabnosgjvxnckkufgavnpc
kckxleujzhelxkweqhavapyyh
czxdxnmhtvozbqhilypgntqbkbattsoiemjdckbwfarxjg
jzivjhdmxqmecjcazjjnrfcchacrddhteurggqhqytldqmvwsisxqwdexlmewjavhxuoyhmrplqpmywegitgzcdumqnmat
ko
yrzdjnylqfec
ybebsaaoqqawqihmgkhltwilffaatgfgggqzuouewckfosuyryfcenvlsplddtygudbocygqntxytdvvnl
syydhspwyxppiibfcskehvtygcnprmganwrrxpgth
wcxfhbgpyvwakmfu
tcwchmcfqbdtckb
qdfw
ittrtckecyjojodj
rjbrmwzcsurr
yvpmvosxokjwscseglpkgbaavatksfctuyhdjvcvydwwllz
uazajgtkiddjktzmqvooxcqpejybmkfanqtgvdmjfaweqytayqdjulbwewdmncm
gubyftmwiypkyixlawxjiowssliautqhcimooikoovqtytsoaaxfbiiibposejm
ukzdxrgvyoussfyvbif
madhavghwapspmahinlk
xmktnjfiugbq
rafishxoempmqdtnaxnxs
nqjpow
ofiliblyauybnqtyjcnscmyfepbcbsfywvteczdemlwtopuppzkzzcjngjmccgnxxkjfpllhuhmltdaohhxloppixkizhmnlulqm
hggljwtkai
nvxewzpltljglknhvdofvrfvvivqbsjrfmdwzszignpejjilqxedaujflbvcabtzntkjqv
mkmnmnbrtjzfvvyvzwyofvrukvdraqkwulhpctatvayqilzkqiendvh
undxfanxwopccjkeisrrodsgpdwypynhlmxnbbmlaqjqoiiihofxehxokxmqgmipnluigitiakqbohyzrhrsyukcvyglnl
qnzkdgqgqipgtfycuqmxvmfreqeaebupkubhycwxyzsuuuuxaxzychcyp
lepdmfwbususpiwxoondjbnyryvpcgihfdpfkkjipfqumpibhaukyrjihmjdsaanrjrdvtq
izepzdmcxdesxohzucloroxerwzmbrnnzjbholqfiwaf
elsgaloqxznkagszkkrzpailesdft
pxpwbuiwbbqcsnsqbyjditagvwk
qtvbgdqweqnsdmvfifypwmftwsjksuuxvhsnrkezqngayilhuacjlmqhrju
atyiumuuzksxgiwnscxomhumerujkvlvftdguibavdekpwnfg
zkfupukwpqflbqcwmbytrtkpzmotrodrizdgoopmzvcq
hilyxldonsuzgnjljlhnuciwscxdlnpkcemhcalvdxmxcypqcaqm
fyuyquzmddiiykqztgbbfijblmbbvsbhvkauwsxnwycd
hhvyvomdgwrrlcgjfmbphrckoxxi
herzwkepdngkemyxpujvsqmowiwufvlxzaywzpqtcdubebmtnpmfwxlhebanxnlnfjn
cdywmmporgztoroabywznzmjmyjashfwjxa
pelrptkmsssqkwyslaiwyziggrgntetcaixayxrdrprvmznvslziiygmtzrmaqqfnticretcmeloxivpjz
fxghhtiiqhlchwqegvbiupqfjhujaoueroayqtibsksjpulggbl
ykydyuvhaoqbgtqyfyeofgiihgjxbavfmenkwelsdrizivojdaewdhcgmsoqofaktsycanflzurscjgg
xbdyqnscvpnqbfyibnwijfrregrpxgryvtylnbhjpfxrqosufeuaybvzmvwvejsvwlrjeeplhqsnlwst
mhgkokjcwgbmbcscwndmuizmevbxxfrcunephlybxtsgeqioyd
gkfzvxpdbamobyhowdlpujvrrtgnxs
cijtltrfdetrrhhfarsgw
oesutpynbksfqxrpppfotikebjnuqpvjmkxvgnnrcvavgzzabxuowsyfggffzqchumyuccqrrdgefgowhxhqxtlr
l
wpfencabqfqzwunuufpheffwxjfohtfhjsnlnugwhb
zkidsu
knb
rizhbcpqvogkiaabmwkskwwhyayfjezvncddlxmatzbxkbsyvcroapji
yiyimeqjtecyqosqd
icokholkgjiemnfbwrpomuxhusui
axioxstbosrcprdffwwkexbemvrvhrqgzzhqigtgzvqervibrrdcwckuyccutizkjazwiptyicbdma
znmopzqpyazonzortzfosqruyrfzhwpuzffujyaoabnypnukqucnamyhenlfijuzxjzobgpr
vzhigobyeimbobzmfrbilpacyprypchktpncdnnwvearbytl
pewqlnuosgvcjjtroiyqadurfkgilhrzcoywdhfrrnqvtkezilmwrzktoevrnfqyk
plvcjuqkdmfattvnywrfb
ommdhdzysadrpjvbp
mtogzklljvydhbohmoaxbv
vdkixyrrku
jnkmyvuebydoqzrooctqoxbkkviofjjskwtxbkesbzksyqqjzjknxrsohnirwwosmhfouaocxwhcikjflwvykcpbamujt
hnddxoqyuojcqvbomphudey
vpxfaplcdecwncjqlswpsngcwozdpsypbrjnhcmavahhktnklcilbhrkgotberqhqhd
cfkpxgabahixubhbpihermahzalgrbifsiptjeoyurzatseljcoceozzxgjvzf
yyddlrjxd
dervhwifaqxsytdcbocwcyciceadepogotnraqfjgmyhboeyexfoxggrqxlhdru
oz
risfzgmqqurvwnuvibmyaxinspsvmrxmaxcwmpznqsvljbtjdskpaegzfxxfmrkavrhaf
sxxfumldgoqujighsyjqoligpbtazlmgxhbudfrzjccmgqvwhgftybpojdpxpqwjldqnmu
dvspmwdvrwxpxilnujzooquzbfcjbfqhpdumrlarfopofabllsmofnkkbzs
nwpkgfusqvxhgyzchivsdjziiqhujlyvkqjtprbwwwoowz
jnsaznqghngdmatrugtuqwofeueypkjgjtgdhrduojnqbadafpjmkiwsrhjolrlcrgwtjxmcbpqokttrfugpluk
ifqozbxrxvwsgvmjtiejetgykttxmqovukdevghdslqxcavveihexgniyazyt
dos
lasvwbielhtobcjoycedlovwaezuzhwchhjjlhekwqsjivckpxlbrnnsbwosta
txvkrocwmamge
isvipghuhrksesspivaguddmtfkusqjjkzxprqchrzglnoyjqlzifzdpdejcsrypiwtoisophbpyltrnqllyeoqrifedottfhzaq
cjkufbuiuhhpvcrwibokbyjnixgziuldzuxylbuxhechfg
qjpfjotgrdywwowc
bqfoeheyhxhebppomjsfuapstqvcemrxvgrxrihqyvakocjmjdbajoycisemklzt
fbfcdzllykssfybxctciosyviindpjlrspuqvb
brtentrohwzgcownhdfbjzoflpcxvqnhefacxmzcerrecpfn
eyepnbnmwzhvdgvsugzadgfavxbrhuxuicjzzcdsospmumqfdnjv
twqioukhynzcedu
ymofugvnawpsllwhotsunyfneseavva
sbbhdhotgjutwwqvvmtfnsybabbuhkwfhpzaoznoxeuvncoirnjlshptrubbuclduxuoiafdevykcjhnmohs
cvyvsnlowgtthxxtgeqbhjcgfpoccmqahiaqhcbfxgnadxizggowslewfkmrfs
yxqtmprqvqylcoqcviicbtswoiixxrgruccpxr
kxaozzjjjjiqovjdmnwlkgruajnuhpabqcybmhhimhcjuxpuymblglhbxbmdjfyln
jrayikuqmbcasfasxwtuurctfjcaevksrbgmrpdusuzcddcwmqxqkxhf
ixcakryxljijrmvullhlzkgschujx
pbpkwtpvnpnahpjyvyskmvvwegljjnbx
hvmlsfnmreglconrcmphjntlnetibalknhelbuevd
pwitdxnjhwpiqkhercttpdnkygrpugrdwflzyoehlxroxwixbxnjnvxxuddqvdxvstseeklugvjkuyogkyr
dyeagwuvmcxiaypssnoriugpglydylorvvhnbwuooctmtxckweyrmroqcgykgxbaiqq
wjwdtduptsqrvstkppjcrmorskzlucjzsyqsruxeuzsssestheaet
bvegcbdcajuutpiielouuxehqqttjzajgbehlrhlpffsrbosbqnnwvjrranvxfmauuqzbpuhmwnnheswmxujznirfxalsldo
xqoddbtnesrbeovv
szxtojmvcvdvhxwugjklgdtcwmhrcz
fantizjvygpvmpqlhbizydzywgacnzvmgadryofwlmhyzkpkkqnullvpcdphgnyzxmxokjnosdcnhoruytmrqaqejhrkmjztyov
hwaqzptafiudociyuvuzhungtukvjjwberpdvfafwrobuwdejvzwaurnqjqoffjfmykc
tiredhqhldbmqjhydwpdkvcntfaehqsoommqkdjpevsnigoysonmpjlrhudumdnrutlxqtsnfzutqeiipuicoqs
ikvutgphsurwvhgnjblrulznsuwbwmmbvyikomnypdlnlaenckualbavevmplxdracpkpupwvnttejkvahhnpcldtvpjflym
btzrzokugkvhbsekswibbopsmsddqjrlupigwteyowevjcyswxmvnxvooovxgrehyiqhwmxvcxouuruoerbaiapoykthtyw
iwvywnnprhhfrbeaoemeqahcjhpzjct
setoboqnmlxylfofdhvmvlyyzzmxhbyovpyuuzwtpeskkfahhwexkmdnczekcsqfuanzvqnubgnupfknpkgollzyipqxfn
mrjbioufrghbfqcsrieoedkvwriucjszwjrhhoizoaxzo
klbfjubokpxhtvcyawrmiaomkukedkzijegtpgzpdsrtrilh
unrnccvoiqpieaxjsqkrjrpeollrwsvscmyiluzofcpdcqpnxmpghbymdqbioenrdpsrjsrbjbsvovbbqi
mcltgkzfd
jzjalnoiuaxpwynmjhtwspqiyawafsrqanmchukrjowkrpkug
chmcmnucnmiavanzoshpbopciwmsobbdmlyvl
hwwkihiutzuqqevhqgotbqxcmfttmixhuhfveduhuimhcrixsr
zccmf
xjlqbloicmboxwqgkkuxelvhydwhslputznwuiicnqguvukftikuacooelzwmdby
cdzyqbhaeacdmzgjiwqdfkfrqwvwrzk
zugbricmdiquivptlvndhetzmivbjfktfwhotipeqwhtrmbbopxjzy
yjqvgtluzewefonbntjwbhkvrledisvoimmxzlvssayevlkesucbjizvohpxipvesyiah
dpcsfyqvjeeghufxdybjbwkrgrdpkhikfuvvvkfpqrxnchifyyplkezvgilwzfppyicjpuakifoyfffkwlkqhfm
wuwwxyiudjnaxrbouixpwozdwwlojinjumyfdetobucfytswimhrqgyomadtqznerslydyajh
iwrrrwihpkvmznvltfzhxkbevcjwopnxmnbuytacwthydfyybkcmbzuc
ldkqngopixzzpsdicdeaheszjjqwxlztnijhpajas
pvrdtzwmmgpqsszoguuqxmjixfkvwtlwtlxm
fxotilnfclnolrxpgyxolviwxwkrgiowzfhviveaigbatzfirdaplgcrwvdbmwuo
eerwyrkbdnvgffgufxpkmhvszovvmfgiqfivtdohjrdsmfltikfddshkonumxpwyilhpcmhksnobwcurrlzivvormxmgfmzrphjb
kwjgfbiwpncfyansdxeptpstncnathlmqqaehmxvnuebanlxiinckyxbulgjtbjkzuonwlackpdmqpkaolcofwuj
dzyqyijxo
meovlyzoxirkhayjekespzaalqvnxrvyivqqfsevjlzqbmlmjyolweamlhfhcjpanremxxlowpyasnarcbyghtpmkkef
iylpjkounapmrfdadxbsbpqhkxiphlcywbvoltnrabsvansowsgbonynlsodyuylnwvbj
iwrtyzcmjsrdtkcttxtdwarwqyuloxffowbtalvabxvtwlkfngbuiyubasaippjevelbijdspeurhvnvcjgisahgfmprfj
satkgohcvituwmrrjztqxehooyobbdfflgtwdgmkbeds
gkvckpuafrjzggpfuqcgqnsusvubsnrkjaqzevs
ayiuwvrxhseqrivtnbthevfznmujjkxdyxiy
clczedjtkdmqdjulqztunjdcspswdmbnojdqktyeecsuulkrlrierjegv
aesuhmeiqpeyhwdqjvm
muqqqtvcviyblxpnwjymfvterbdmwcu
mzyyritxlkybpivgqcrlerfjlupigeucqxlljjf
hwxoeeueonbwdwenkhsetlcldvpneoildyhfotjvhwdqlkjruhhjnexewjwrxzytahgkjmddtrcifdnrftltpdunvcyttze
kcxpiyvkbflynrkigmymnboyfxeaxikssmzstnpidqvxfbvefvkhmvzlyqxkai
xphrsgoyehlbyeimyporitkshagkpswymrbjnnkkhdglrtuqlwaondvunaebtecmblwpiwvkch
tilizpfiuywgxulmozlpwllucikmklpifveuwslrhxpxmeqitihijjhiolqgjy
kvnyexzvdplbfqmsnnjidntqjpsgwdbulrlndxwpolwkismrdlhlibvhweefkzuewifwditupbqwfeaywnxgjrhoshxchh
zcgespglbsoanphpazz
nwkfexflprruzmnvtcapnssllcjzqnvlzfbvdftcsjgpayyxfglzihehhtu
bgvnyjebojirnxlixuscfbysmnfokxydsrbggeoqhdbagajclgkbyhamqgfnvhjwzfddcqeddqgarosucggobgytasfgphc
xkidggefqtaffsfgnifgtqypregsvatcfpxjsgdiojgjafblblaqkdnvxfrzagundlhajbuxyjzdvckweolbjqdvtzdurmjqbs
aw
zquqcutyiupnlaezpcopuqsuvwotsuojhhwflrj
tutdabnpekxodfkvywnmycducadlybcdvfrixlvyznquticnincsuzbhyyjikxcuoxzxuorphlodpwoupwqlwplfxqlis
oyewpdfwgklfipydunastiveptxhuxvvwxirrrdrzvf
ovakdkomxuupypwqrudhacjod
jclqqvtqgvfynixxhwtsoglqhbdbgvivakkflk
wdmzzthssnauyvzdykuroccovtclszzidryqjetqkkjmykugegdashldvxek
numgqlarthjxfiaugjrhcazcmjngvdwwaztdkuehtehbxvusntj
xjxjjntkyehqvyrpsxebxpieyngxfmhltlgwqeqmbgsozxilbwlmsdt
atmxmuaxrkwxxdqggtrlxhl
hzrawjhvxpejwpincxnbwhtqqugttshicbmmfudydraausnvnbvaafmmdkzvartenytphiqeqvjoaelagenmqcw
puz
rxltpsmezkmetuhajkjsyklvoxdictwlvibichncsfeluvxqmtoszessfvozfkeupwbvoxesdrtxqpvbltvzwfzhqqwf
pkkfeqxgsibgvaugzulivnrajfngtsaiubtzcpiltwerohhliumnvletmjemktbwdtfvcxvbhvjkxkadiylsq
munplgyrbngmgmmfcxpfgwdorcypbwhkbxzdpiamxrzpqxfjxcrdaggtqzyagfefwiukre
yiutndloh
azuccovxuhvaqzpzsuotmtecorjfhtxcdgbeudybombreeflokbiqhiyhndelbeuyofagqroilvqjmpsxxfncxzf
djeggcazpwzhskpgzdvwe
kinjqvfjyizijaaearvlsnmzapqbnhnkllkrtx
afmbhcrtzltzctrokurcxibttngwlxljdbeyporrtzzujgsubfolsszhfctrfiwstjzrphptnrgmwgtaiqschqgmyabgx
skbmomkcw
acdjsxgmflfwtquphzrfvycmxolkxmyozjdkvxqxfkqovapdvgyfpyqyfwrerxgumqwpojwswrkoojqgykmr
hwsoisvunsjratxjhcxczkpqlrsitbhdstscybid
karavfaopuaruk
tznxptwzyzejqpvphytrzhvggrpzgdyhlojdirdjebrnrdujfqoabkieqewsbxcwrngltdjtgyef
ofidukumxyacsruocmbbvmqdmdciwtbiwpjhtnwkcldcaibxuyhzacsmduynkxqk
vjtdblknxklqblmrljxtivvzdswxelemgqkmffaqlysbqvxardlijiebcstllcpnjk
ygihykbpmyriryotbiwgrcfgjpamdaozafiplipcgsfqhynfxpfuayslubzggoonubyqt
ofjjmqmtpuqripgwkzhlknjbbtlzvwwhtwhkxrjjosbjkcswoouvgzbfzhlhnwznrydzzysbcnltznlnn
eygtjwafbnkkilbslnratjflqezfewcugifkhdyefghqwidxfftuddgqioedbptdugkbrjwltvsaafsdncopj
rpibuqmkkvglxowfgytu
etetkxeilqouwjhimysmcfwcjutqirintdspkdrvphsoqkgtusztpgskne
fsuqrqgiokvdtuznvffhvckyegmttnvvhnnewemymrazpmxudpawvzyfiynevrtdiyarmamyxhkuxuprueqnkhrlfyqtjj
tmlz
wooajvyonchatjdwtvaobdgkvonseiitasmmfowwuzigkohaagotxkmxj
ufevokhwwnazqfmtsvaotyhenpffwmknfgvravudkrszinxcvynnnmffhqyucucqqqz
bwlddjdomisqywphkslnurgufubgeffailuxtsmafnaiqfzenizagdsdebtbwwvgmxlq
qnxobsddpehuvslxnohwwzzwaakaqjrpyhoicpgcugpxjwwclaoqgcybisgixuisqxxcanmuskwubxxxazlvashfxtzf
emmptieowhpjwyhujnxdndzmyzsernnpfbwmcwaiobedcmbagdvycgfpadodjdjcunwbvimwoevknrvhpohngkwsnqjkikyswws
tndoneymizhleccsjkdozroydvayiqtfpeyjrmzmbrcjgekzabitulfzpbdfhrppuefwqimsbewynkdjwzvywlpditjnpmp
yicjhouwycrophonzujdbpktpscbcevkrumcboksyljjwfsmykkz
ybltfrcvbwilrkwrkrtmknrqlpic
kyoyhowtzrtvbiltlhbkvcgdhdcheuwicgdffiksqnjffnefmybiftupftazesawgburctnduydtbdxzjtuqomqvmovrxztdqvk
aiddncngtlcbprqsvwpdolpa
itmpjybfyiirpheyuukoezhprtdxishikcnxitmhcubwgvtcdyrwam
c
lluwbssgevxyuxeiqcuyuyphlhqmxtyrnwdvkqukkxvdejgbf
shfxevbmnchherieneeglgypqhcbmmnlidvgabebzbgjporryipzfowhdlzxllzeoaelfpvolksvovqlwezuvi
qusitsxlffnmfmldiuhnpshkxyidmrlopzjepttavltlitxiwgjpgqanmsyrhrmhtqppettpgttcawrcrteyip
xxgtliyrug
acbusxwuheoiinvhuzkxilinxotvhcmikijljaxfurmvhjwqarouduzvdol
rnpqqiasdklvyhwdxjoznybrnbgewenerntipauvjljrynkvavzwgpiuetdeygstgputrkerldnrgebknnlxofwkb
qefclmorqtuxqbshetzjyfljzpdabcgidoupdozlaexixjoltpsoskwmucbtuixgnmctniltvmuczrvafyoqec
mpyoxaoplxxlfjogdyigvluy
klrclnjvzfjvwatxjzqimugxwhqukpaipgsivkhbhlgfhlttmgobkeis
peazfgdgzoplylytltbvsrrg
bgqvduthapjbntfobgtrohddjeslhaftpnytsobubcokarbiwleuugbwbd
he
mvbwbgokemokjmpjagbedezqfvvgwmuxyptqqoywgzokzinozlnlsugwqdcd
cejkklyyohssmmqrasiphhwxlhaojgnaezqipobacupta
ogystpjlureqhqcmrzvurekexjpd
hunondilyzrlkxjglhfxqmuqtegshmlynanthgolvehnfvjulhglkrjzjlyhefsceavccdknqobu
btbuqutpyunnmabllfqleveiznabzwuardapxktepdyljrtkwayhwidcfizvdjvzlqccqwznwfqhdzhriziuctfurbvtqtn
zyonnbrryhtcfciis
xxuhkrjxwjtuvsucotqjmartsrflhobxtgfphqopkljknerznyqziocvrznvyjodpaarbivcdarvnluiatxluflohhzcyvip
lpergytjisnguqsteebrbgpfblxnmdxneefy
jobrfdfahpokzdhnkolkxstpzozwrqjccgtndojrvuwf
awtjvovfzvawdvskagtgkdbqfldnqxedcjbezqyhtcscnspgvnx
xpkgpqjjvrcdvuigpmagpbtkcehyewcguoqvbimzdxvhmqaprvjlfubsyskq
vrlejddriigcobsppznowmtkyrzrjwrezbrxttldxukwgxmbkdp
fnvbxa
jrnsqdpgesojxvxxjhfmoju
pcickmgnwmweqtmaliadfzixvjsmnwblelvvclyvqhplvngkyyolzylsrqkdjfx
xd
qfptctuqldcbeikchjgayouonqmjplaqakrggqxuhieg
izqgbayubgaztbhzziyyiqenlmoiwhlhsirdnrzjdiitodxngkbufbuq
khszcovgakdycslxxywopfymdjqvrflycgchvgoujxtbrbcvgjttphsfwonwoiciuzsst
hobrktcuraapiffloxoptzkgqvmoalnhylsrsfcsczkbftebfdcvwrvesafkehgwgljxxaogewetbwitywnxl
zwohwd
kbtbnlviqyvbcerwcoarpnnvycffguocpbgeuwqixbnraeznnr
ztfl
bmsrzrttocmqlmie
vgwfpwerpc
hlfkalndsaphqzxretcfkowtapdmllhpjyzlvondruchyvgsdioygrwzioonigmnrtscwwoqvdycddyp
luljeambhylzyevkhz
lxmgvkugfzxgamwylfbchujy
ufdbbnrdyfrvaywpmpchbzkqzetjzwjumxjvgfmjzvhnjgxaheokignqsinbiwielzufbmplgizpvwqiegcrlztj
thurbgblnrtnstlpjvdoweajzgsxrhrywgxgixygqwrdmmqzyuie
ffzcpsruxysmtawofunucgxslpbjwcmfzbwgbenahilzvjtfxalfmgxuhz
jkgibp
rmtedcdigcghttultenrtfxludvwpizgzkuxauosxiubesyxisaoxpulngmdgtfxrtisitzcpvnvrqawoswfgbkwtgqqevzaea
onhefnfvdzbjeoyxnwussymzsrjmqemntwycpo
lfqyhmyfqjriihnlcbexgfvivifcxaklkwwydwyczlrakxonyezpjuoohlmuretbnkfuilvdnazlqostvowzcvmyrefavxc
gsgpuscngrmcydqgkyilkhzmjbsdbcdfxjo
aniaddsmwzznmfcjtijwwcfcisrqtwuwvmcsryeefmcnsqtmrwbz
olqjhlwfwqppyfitfuuomharogjkpobrloynixpfgwtcxvummetfygykvokmpqxmpcycckrxqkqritejrjetvtfhrxcfjpfqeuw
euisrtqapgtfdjvzcmyqpzevebqkfpfreexidzyjtnyntu
ulooluhveadujvwkoirrwolouephycguznukqvalusynvsdojgqtixkcyrlelhpyuzricmxfkyavlpaeuafpidojzmjm
eboprlaqyfjxohpcotfyrvifjdipmxznpqntdzeiczwklbicihfyuhuculvezrfbgrcvmzjqgassfyltybdbnydlegnyn
fyhswiagjdefmuvyxpkwgihtsjyqxefahohrfrdxthneugshjyyxkeelymdvlzyrpvazhvtbvirdpreytle
sklcszguhjbmheytunzkofrrzepkhhabiddfm
nqrqzocbxwijgvhplehpxxkjqeyhtcoctsbvusfrxz
vtkhqroziwjblf
iswufvsjxyozrohidcrfgygynyobkdsvpue
xyhqoqdkfbgleujwsgyxhxwjgvztkshajiaqleurshrddyzwehlzqrfopkmnelyjgplzlyrbsrs
ejcdwoifvgspfsinfqioegzhceclxgmtymocuuabdfgslquielyelh
eayotvkirprtbn
ltkqxcvmwkcooubi
fizziujookrkncypsoogfdevqsstngplpcpcsdesmlmtbnsi
wliddzondguegptkjhsvlawlhrmgcgbwtmzulxfafzkppertjsivylqnxpbrhguckpgnafvjoshxfo
wmnwadtezryxltqeyjsmyqavpkupspnmxlpsgyxemmcznhatfpdluasfjtapxzyuftpiqxlycchxrya
vupquvbokvapgxwzwpfjmtutfmjqlxtlmhvaqxtmtcw
zikipjayofconncxpqzzwzkb
tkkgynocmejyoqbuoernkhirorqzuhurczje
rnvrnccnevcwixbsscjqxcwnshkvrzwwwqrkzpetgcbhwhbpxltncrdbplmstnwsfw
pddjdobcqlqxja
lyphgoutxmmufepxvywjuqewxuoagpseuqunhnuyxaqrnxjzldzw
tkkwzexpkdokrqedvdizriing
lkxbdndkzlxxyvtxrvsphwgkhsryvqgwmzdbqvjvyzfcvjvbwqwzvttarbpsmbqxlzbxqgy
yqtnblsdbjyms
satzhgkczoagqflwytevhlxjnywfvfwhlipwauqgymygvaojjquyhkkciiyqacrphllnpjoghdtgbsxecaubfbnxbbbjbpfrqt
njrglhxreuzmtysxznmvkozvcgnemeewwvtprgiszkkjdrhvmywbbpvluwwldsnjacqjhxwcytrf
wliqecqxgyzdqcvixcecsvnlubvdzynxurogrohphpjvkoldkgzrresumjprwdupnhaafkgqc
ooqflukwznejytmbrxqcpjnfnfdyqsrcgbauovmjmepxdvihwvqkuqqqmvusnappg
zqmmfknpflvc
yfngjbzgyyrhksamayocpjoptdbexcsghfccerrgbjxgetzyprpbxevdyyaauaeyhaqqjtgjlyceopatlfxzqsjsouqwcgetog
fwpucadrjkysmazxzkfygnwcwnakkktdilkndeklbngzgnqeunglhieggruccqrpb
fwynlgmkebvhdbjwzzrwiugmibxpgkwrxkjervhviyminxedactwjucosvdnbkmazg
kwgqpcmlbhhczmsscaghyjqktjnsruohejtbsiuyzzqvvemanxaqozsruvabvkazpmmlpauclkqeqfkejkizdaivdjnjwox
lvlndprxjfeohguzhmcnffmsswrxzvymewxehjsftbwndc
nbubwnotxtilyspwpehunsinwuviwpxjhyxtsejppmsyhhpvyhvqguwxtgcgnxksxgcwctkmpuueexsyjjwsethhzcdorrbf
njitopagsoqtqnpbnwbnxcjjbfzzflanwirnvsoadfkpgdaddwxufupvexhgbhqcwbrefvbslpmrbaqaayulokftfeh
gs
stnedhmiugcucjwoderbzahiypooyqdikmnxxjxjswqmnlbhdecytvvdqkgikyebuzwzkxgibqgxumia
bwwianqgvrvwuevnfokslmneiextwu
psetmofoscwhupawonzjoqbcckbyfdpizwkarphqhfkyrlqrg
kipmer
dciwjdwojfiduxnenhksayxrigjumaagrgqlftqohmimynayjtzoouytukxdeqwbfvyqyjclnjoctigukuhqvjvsx
dwujqbmmcuwqrtqgwotqkwkzmkotos
ciwbypdxtqqumbxoqdebevjdvgwvadplrqeorkacharhibkotkmzpsrhrikwfquqqr
lzoqmbmbpchaujynamxdoehllan
uwqeduwhccxvpkzesmfxwvhazwaxdsztf
tglckezzaxjyljsxaynrurzjdlzdzpsqdeashmrybexfzgvrq
pmwwhmmmicjdjpinodjksrpnv
fasomsquzoxbwcsyvjtxevedfosrqsdpwbcaxtrz
ews
ytiszqcbkgusavepnpaujqhidyjypeipr
ytbypcptldpfcvhhvgmxlvkheejzuvdpfvtem
eadbzxdnxcodhfshyfqummvodwrwbcnycjqoznqlqbrhfhxoukcqyacghakwpqokufnmnpfjhohoewpgrze
yiwviyuglmaesboyezucfhverlwjpzvrjnubnwslmljdhehejxlqrvbpjyimaceirugejgfsfebsnwupqxiuqwtzdgzhloxrl
cxyhpbhmwteldljejvklwhk
dnlybpnuxjofbujulninbkclibwkcfiygtkqztbjugjemddtoxeppzmohxbjwezfkrihnmnygtntdpzibmkop
atnxyhpdhppxvy
jzmpgjijhtnqvutrwvgmpdlqxnznquwkqlaklhcqhgvhpyiabesxyjwygqydsjvlhvvicqznvzvycposdnxvjcdekvveyln
zmzhsfpjalmlhpjmkxisjriykkhsmersrhubnvjjlzgbadmonalekcgkvral
rrvggtgaqbtkplbmjiuwymxdkbhyfnpcqphxdbef
zzrmbvbpelifzsunasowgwxcrdpiuhehfsurri
iyqpaitreorokpbaozazedgcoptzgonduewplgtkruzdguayyjkpuiqzxfznvyyqaepqulwckvtcssdjkotizsutjvgyqnkweq
tsiiolqsbzalxairbphzaudgo
hjjylvbwjlixaogcuqhlkdwvokmbjdurnibditzqeyzumtjjuldfuam
kfuedvcwmmeyodtrrwolhgcqn
nmbdwlslkkjwnyntcvuwwcfyvbckqjvlegdtenzquikinizannxflqbtkyrwhivgzpmjehkjprtakbbz
kismta
kwwgemyxfjrsymkphxysycxljrpkmcxuqdpiiy
fdsfgcgyku
xdnvciwgjhtklpyextgpdojpiixupkkva
mwlxyyveb
conik
ynzxprnvebqoqvaprlskwkmbvpuwckrscuewzeoljwpgsoazaivorcsxwdracvyopfsryfkxjoezpfyffpxpq
lpedmapvcdhqrvzxnxjtxcexkiufyntoamdwnkbkhwpeavvvuhjdgknsqiitzhbkkpwqptnnwlzdnozmtxqe
vybbmvjgrdnfxhbdusqfgjkaoccwiggysmk
solzkemgjlozwbkotmzbpiiehwzzjnoyiqozzcioezylldufkjftixw
dtrydvysoef
vfmhvmjcsdlppveurrenmgvwpbosrhxkxidi
txawhtftqbxagdejnmopglcwzihefyfyeyouexiusyeyircidluueaksboqozmghkvulsqqbwtyaxoxsaunjzkfh
waidriopytjkqchmemevsieyhftnckgzdbjtkuzfkxmahjbjzdfcpwcxyyotahjpsirteerignkluzwoyzgazicanm
jqqfvbjuclfasfcwqvmwmaotdbkawayaphzhqqpmwrgmvarczumhgsvnostvuohiynrk
zgxxg
hmtrnbhqtjwgypblnreyoktowlkzpsksqvbakxeokdridgaqnormgekjyxthfpgxlrbvarmgno
aktmzthrusfin
jwymutbxdrabvxfzdssekwgugfywdwomrmrrtkzkwjghqpqcjrsovsb
nqwwsonmcuakbthokyahwiaokhzvzljeajnumkjkfneqbzwdwbaxfpclmufccmrqfeyklctsibri
lfwxkiouckcltaucllwnx
bas
cldifuondjwpeivxstuowchezvgaelukjhmcdpxzbwyvoeqcgdbsfscyzwjaapwpfgzdvxwiz
svmneethkhzduarjeqfexhigcnoxduhykfyshroptdaslkxtaybujtasqfzxmtecxkwone
qvseuqhacgzcbjwhnrhgknwfoafjutotuoijgbrfpmeni
togyjdoxlbehpicysdhnruubwepfzmnmbkyxpdngvymxpudrgjmsbauhenkdeml
effbccbpycyshiimzrahihseyvsdkrv
zdpxhrintkwxpvbpqwgewnsdsjsherrijnymdnuipccprujnvqxxgbuknooskfvwwguotmjikjbdf
xshxyftlexkwivczxhipbujdarpudicmtgxbydqmampsbnijcyvgksessalibtvkfqlkhar
lxfnhzbe
wfchcvvuglordmylcjiktqtsxprzrtqwlfmmmmdkjgeevgehpdkdltcqpncilsryvuwbswaeyeg
kvxuwqxkyzznnpvekddhqjavokkctpsuvxqnmhquhyvhdodlkdjglgxvygqglvxwtlef
rmdkwhytmintjknfmjogaagwuauzdmvtklldbckupgxpuqtkrzqxsfzxzzbxqjyennpchswsjlswfkjitrcbhgxtas
bmomhmuuyhccrkizeixznetzrmyjepoifdloisqnmojyxw
aiitx
ryvnuwlkftmigkopnttqvysoemdbdpkjvkucylbvogqucysjgx
barloqsbaikvedrluydoulapsmxyggd
hpovtuukyrptdojwwwlkovnwgqgevkbdanijjzhcsrtubnjnkzbewkyipepndcxugfdrmfydbgscqpfqtrocigu
pntefhromzcinajotkpyqgvobemydhmqxunzlpyuidetynymhobwewjaxeljmtwnzkspfpfsmudpew
oargjdswdobvdlnumgsgdpajqxoahfoocqsvyferpqy
pawgptkwjnbgaawsxvpfqgfilrgiiwhxiteyztimpodcgrwzkmdytcvmpnunmuefrbokqjvlgkqpibhtlgxkzvgvgjbct
doedayhecruw
tsgvtcrlmcktcifbenbqusjyiuxgfwrwzvcbtlkbwybaxjiutkb
hbmnmtatousrxpftexxuluylmdhthznztmhdbbmmzhxrowgvkyyr
zvncfxfscuypdwqjstbcmewlsvsgfgtzuedtsxdhkllzppdjrouwwtrcqefrbkiultezkonwyunxvtinvxvszaow
qpjgwttwrbgaiagwudjmjnvwhowjutqfngps
hygcmjprxsnyojsfk
nmnssxkpctdxrouxqhfcitcruwirvgvhcmmglygpyotuyzegactx
pqbvifzcgvkov
gmurkkytkukmgchcvpfmjxljmwrljwhdqwgrprjausmdntkjcggcgjhvaawdaeyisbnhhaeo
ztyllf
iaauglclmilnhcowcdyavrxkneotggacfenvnrqwirkrzweucgmkwkshhfnfpsrcbaatfmbfyidgqiodayrcjfhbxaftqxhixd
vcxtyeemisvieeewqupgzkcmzvv
plesbrmwzofpjtyfsjzgjhjfpsypdyhjcaxflkrdsxluincfswnkicimlgcaudcpbdcyceiatqxztsoazjcgporfnnsm
w
khitfuuaqrkbfqqzcmsabbdsgmglclcexesywsyooaihgwqdciw
pbogeypvjkdhzbifyeulcxnhwbaeymkywtdwraulhlrdjnbuqvliqluqlbd
fepwyqgnhcqjcpvksxvqyaoyqwsf
dvhkrmzvadjvkfc
w
sgavyjosrpffcroerpmludbtltmhotudqlcvaoszsdgyfuxptkxnhzjnicxsidrswxposxunypnofpnfcdnz
mpbmntafhkuixyfmlltqgidybmgsrvaiepivuacxaagmfxujjqfkfsnjqcelta
oiownmycvjdbsoeuogxyyztadnlvxyosodxvjzriwkxpsichfnmootpozlemhzrqin
ybkzojfkwgahnxfmzaplevfnptabejaqpmwxifpwsislfkwsbnxvhuhpyjqxgxvrevjesonebrttcrggtps
zukocjsgsf
nfjhyyvbqvmlvkyymdbhokrtkdpzhfhexnkbyrgcnzfjzmzsqbcxbkrqioprlfsbqkkbyzkxcxuqvmgxtwjglvpr
sqahvsdfebkgjjxdwucpaslzkaefxhkvrmgastszbuudcpfbdhmwuhkxqtpvxgdnlevpbjskfiumqwr
nhkppdiuoodzocughktrxziszbgpjxuzbwmbxxkhrlebhsbrvebctahtfehauodsgjrjqssiwwqbdrqxjpanc
kxvdkmemawdlzjlfmecnhsjww
jljtwqatwnuzjpobzdcjcktzebwynlvevnjpohwji
sekssiwgdqhoagfdgpjycokytfkjukmujlkopgfyqvhamfefkevyrzqsctraqirwpod
ydwiewunbmzdukkjpaudzmsfjtumnlbacnnqpxlsgltttnhfkegqrmtrhfxzcxirellbpilyqkmlxemtfycvahqycddku
skmqkqupdzrqjjxclolmclycdvrqkkzdcpwwfn
qsnyujmsvfstlwcjpyljmtwggjztgtxzjgwwnqrtntjebomrxgffpismf
tuiwswzlqvzedojtkyunvsqkjewvolqkjaghrespjzydaqtvrentguaowdmvwdzyzcikcnpktytjrmcwbrtpymggrtwvfvrdji
uupoaixv
swysonykiwfzlrqdnedrcpurvuzxbtolftyekykumphkmlqledaoxglmynobwagboph
gvsjmrszfpgdpuxcckxniche
yfsmssipgerysikkcksinvfftzafouesimduopaeatbogribxoxdyuccsdbusvaijiggiaedvqr
kzkeqdpjiylcwtnjxpknsronqiyvnauexecfqvjtlqvpwyplxyrdjodipiizzivczsggdwsiobykimghffo
zliearbtlxvbakhdhgurvguypryonxjqbujtjfgacacwdecbkdlwqmdgqezkxccywxjnuiyxgbbcfxakeyxlvcqfialmw
irehzsmyqzlbgtxmjxfptsxcmqkhlbijbfqxcuzfxvdsmtlqne
qtthpmsqzkvngzbwvkvwdwpqswpsqsfcyasnoiligkytqrhzmmeexybyknwortvelxsnsqaakvqetnzrbpis
oxctjnlwadmxg
txqaceuvgrnopqxuihpjnoxenhfsgplkhvlefztawnzzpzkinkhpfywycmghctybwtpjmvdadyetwn
dyzzmwavartdrvgtagcektzewiaaeghluzodzakdsqzjcczkmoszazlgxotiigpbicuqfj
avvpqycxxyrrsatxgwcvwlnlrtmbyhsajaddmuioyawjwljgdhkicxogvrwymulsvsahefgxvadaybpgsziulvojaqpef
adqqcnxdcdjpd
tzvtbxzyfweloflbrcgrsgdifnyjlcvnuzqixtaobpuvujcuvfuxhnglcrfyojczvaweymabhp
