47
89
194
109
138
134
37
160
65
48
127
47
60
91
132
176
60
105
174
199
42
54
175
156
136
252
172
125
51
159
73
89
81
221
36
83
36
122
73
85
89
90
115
171
161
50
71
141
50
71
97
47
131
146
80
119
130
200
43
126
130
58
73
99
60
84
135
68
155
165
39
71
107
18
50
70
88
63
63
133
95
77
72
65
68
68
86
117
81
40
209
58
85
148
130
71
93
130
37
205
32
218
35
163
120
53
164
109
45
138
92
47
53
76
158
159
191
195
42
90
54
158
124
128
120
81
86
88
59
57
67
60
217
154
134
133
148
60
126
63
71
73
174
38
96
49
199
158
39
52
35
71
210
119
157
103
32
244
63
201
133
83
191
47
65
46
49
49
58
80
115
29
95
53
110
104
76
190
79
52
51
21
140
128
150
96
155
177
156
75
153
174
78
148
58
96
78
102
92
112
133
68
195
182
116
109
69
145
163
119
166
86
55
210
84
87
114
62
67
74
125
55
145
127
181
184
169
51
102
107
86
40
85
115
102
154
102
144
76
202
163
208
102
87
68
139
37
60
51
66
142
103
37
98
104
61
95
161
106
50
68
244
138
132
70
65
119
183
200
74
89
130
99
113
120
188
107
138
110
109
151
149
71
98
124
46
153
93
76
192
41
132
177
62
92
73
42
75
138
107
131
53
52
58
133
134
91
112
91
213
96
125
72
151
160
98
50
63
105
76
174
90
156
133
112
133
57
200
68
71
182
241
168
134
68
46
189
95
177
56
55
162
177
89
71
80
52
253
156
146
143
114
135
53
67
159
33
73
225
114
98
163
123
54
101
146
67
121
85
55
118
60
133
50
175
109
97
49
148
74
173
57
114
69
76
118
76
38
38
30
42
84
60
172
78
135
154
81
99
62
57
55
168
133
58
50
64
91
97
20
53
103
55
42
138
176
140
156
208
50
115
128
81
97
81
58
69
184
76
164
81
91
86
133
71
128
45
186
126
151
179
99
141
170
117
200
66
68
135
187
166
73
75
72
136
81
83
95
76
202
123
90
65
190
191
83
62
97
126
164
137
179
157
39
174
143
65
130
42
149
59
101
104
164
128
95
73
76
43
182
138
49
93
169
143
64
173
61
83
68
125
78
65
127
44
32
178
89
192
73
145
106
93
177
46
161
133
78
94
97
55
177
146
123
171
19
71
128
189
191
164
125
227
140
47
84
96
149
89
202
112
205
92
177
71
41
71
61
146
94
38
71
51
88
97
70
101
147
85
181
213
67
123
192
197
173
156
97
144
120
88
92
111
52
130
121
60
140
200
76
62
144
133
117
142
76
78
89
146
73
275
114
81
58
159
73
30
50
115
168
58
145
46
150
108
64
44
148
58
70
83
124
202
93
119
45
62
74
70
166
128
161
47
71
58
101
159
37
73
109
66
159
42
102
142
148
44
62
144
182
55
177
159
58
84
115
189
31
49
164
114
65
156
130
37
143
35
138
132
159
29
116
210
171
66
109
251
78
56
169
81
76
187
60
45
223
60
135
56
94
76
125
76
50
84
197
66
159
73
63
179
68
109
140
58
62
135
89
43
84
270
68
231
93
32
67
58
153
179
200
26
114
99
221
148
158
69
42
159
138
130
94
82
145
130
118
161
130
102
42
125
164
150
61
102
99
133
103
47
171
83
132
97
77
101
72
257
51
129
123
58
45
194
94
159
195
271
52
116
57
116
148
143
122
21
151
142
100
88
104
116
161
86
138
84
56
159
75
97
37
98
31
178
58
158
73
105
84
78
197
159
115
76
146
197
125
52
115
140
150
99
192
104
64
49
89
153
97
68
159
125
196
64
195
217
16
141
41
96
56
147
115
122
118
45
80
57
50
156
120
53
98
177
44
49
122
60
146
159
142
102
97
218
182
73
99
30
128
42
146
204
60
122
73
66
102
141
65
218
145
46
150
131
82
200
148
68
164
104
137
57
120
44
81
171
140
125
94
135
112
103
123
47
156
119
38
42
86
145
78
115
42
89
166
164
104
190
120
143
45
53
94
106
70
184
60
203
88
50
109
64
67
152
130
19
84
82
55
139
164
65
228
71
45
89
209
146
72
127
91
106
32
176
95
41
55
160
81
92
78
60
160
97
71
146
112
152
72
115
117
