257612
3F26
31178
B468
230400
A4A7
1781D
85118
65410
99546
1540225
2132033
154323
45430
625B
32810
10101101001101111
2110001201
4114B
54208
1642
84351
2682
2A264
31140
22102312
1698
1002034
15A9
276671
273337
62797
1DB0
1111112020
100221100
D7A4
48879
56200
365651
2CAA2
22AA7
52425
24A5A
42591
9052
10100010010011001
757
1788C
8B07
10021010110
4215
3A616
1125332
63170
44236
2012241
461145
53163
155012
4202342
2248A
120202112
B087
536643
59060
1123224
42495
31885
164300
A9B9
CDE6
160B
30918
1110110110101010
21114
10212200010
1121100101
10A15
10554
6539
E3C7
31133
25135
2623
24142
96381
101225
433135
12000120221
258A3
112813
46123
2B1A6
72556
47818
12200100
17443
78808
1A28
122012011
DB81
1110111000010010
111320
541632
14A31
130627
33202033
236200
12813
11000110101011
564A1
31492
B720
37234
2A35C
32C80
B267
22042
17798
254063
17156
43856
99AC
32133130
161664
15057
90868
225526
563233
2B619
36090
3759A
167B8
10340004
434401
1505145
33223020
9233
2E8B
39695
22C84
22650
13510
13837
264A5
142261
10242234
3323431
117524
BAC8
1BBC7
268B9
113220231
10511
186C
45265
510002
8367
6219
1462E
15254
10010011001101001
17748
19D85
69692
41014
215C3
37398
2703
25B6
11201000012
22536
46373
110534
154241
440542
2202210000
12020312
1101111111111111
153230
32110112
451153
133112
90122
246024
111331102
164245
33463
101330131
2011220202
54752
14953
48D4
1222333
1022002122
19439
10230231
37864
521324
2B2
1021002002
160151
562254
1101011001101101
320046
222330
238A3
2013311
27C85
78760
46161
14382
1102220100
10111111011010
210001201
24206
2221032
2100021021
2B36C
10433044
260336
1B1B2
10100110011110000
261162
31081
14A20
311303
4043324
1131541
101112003
556643
55326
38324
251231
2902
3B217
52098
A002
2021021002
2491
145114
1C268
643B
10111111101010100
17764
108313
1538B
13312121
1000110001000100
211220020
1204251
1859A
65260
16838
36301
36128
15898
2220000
202410
8B34
2011010021
178B
63274
1143044
101102000
22300110
66287
423055
D3CB
1232041
133D0
178A7
272657
92B1
41054
40659
4E27
5A19
1011000001010010
10111110110000
1110001000001010
346AC
21493
88118
6882
10221021102
144750
365060
10202210002
1021111212
51995
1073B
BE82
5B49
2B705
2021012000
117B8
100011000111111
244143
70107
47297
120001121
24A63
30410
26DDC
1329A
1110000010100110
137513
11100011211
101100010010000
3003424
114241
A707
251B
11CE5
10200120002
10110000010000
1018
10C07
11011000100000
100211112
27853
1BB15
231161
34937
2035
31004
69E1
444440
27B5
501041
2023011
66826
A416
74918
13258
314560
100232002
44657
1130111
101002113
222275
146441
18A09
2B697
14075
131810
66077
1D33A
11A23
10100101010101010
2120012120
8B54
11C21
1331231
1658B
360AA
246411
1011022202
1011110010111101
226B3
19351
19941
11134204
7625
65A12
67520
2121111012
2CB9
8184
12000112
128A2
32330223
16504
553535
7773
121110120
36002
4430014
12311223
23131232
23C88
452000
24769
10143104
1110022
1B026
15472
52133
261352
138A9
7927
13122322
36A74
14316
10833
10011120200
1298B
42233
68089
1130404
38380
503365
135446
1251E
4108
1CD6
1152120
82144
1014330
9528
D6E2
22740
10CF2
10001100001010001
AB02
413162
138728
2511
11001222
333040
210516
2222234
540525
7F50
251267
23BA
202B
243303
23092
10101011101100
16C26
21201323
137434
1000101000011001
118863
4096
4040230
15C04
15960
4975A
1242131
70B0
524026
24B22
1444C
44252
2210011002
A593
11443
132D3
523501
21212302
12459
1113421
21595
14243
23980
1453A
7DDD
42179
22111221
10010100100011011
21654
30435
108071
ECC3
277CC
92D3
854A
10110011100000010
59A04
111112130
2017
100464
20261
31212130
676
8A11
102011101
B1AA
1305021
144345
4872
29432
7036
346CB
2045C
2011011000
4A06
447A5
121805
D159
3033011
1E1D0
17594
165C3
10C01
64676
21033120
5472
7744
16660
D53
65816
151140
28657
10110010101111001
3340214
90647
102111120
13135
12230232
1D47
1202211210
1D87
469A5
225660
1535345
142865
555041
13362
4314423
20A46
2021121
9B29
33032211
33355
351010
1033052
5180
1111110111001011
1110001111100000
100101100101001
8994
13CFD
1131410
130785
126022
1011001110000110
2313033
31170
2102000101
1141344
201507
11000001111101001
10154
1310044
74AC
24805
331214
3040122
2025545
111011001111
48315
401343
10201202001
942F
211011222
5762
1101111000000111
C88
114050
133343
10010000001001
67248
5336
11670
433006
335103
1010010111000010
105066
33001120
25DB2
1B635
130620
2412121
4575
4446
1B9E
235406
272D6
100101011001000
1A2D3
9D68
102267
15507
10340401
10658
10010010001100
FD33
23123210
47724
8821
555
4B12
150778
1A222
1A046
534154
15A00
11B70
10001110111011100
451403
145263
F5A8
1110110001101010
78566
32196
111101010000001
1111000101111100
6CA6
301666
D488
1343A
1D8CD
2C811
101201012
D04B
3090B
111600
6804
15867
24114
6519
D2EE
15039
6084A
28117
1021234
A390
112002122
23072
15B3A
21639
56022
9C1A
388B7
173553
752C
74720
1514241
165602
3111312
20B03
14796
37664
232153
18014
101323122
2011200220
304033
99870
412552
4343
150644
74E1
1387
42558
1750A
49334
155730
87C8
14999
423442
9B36
10202210211
410
13B0C
42934
68978
4414410
1234202
2121000
1550123
2AAB8
71177
138338
11100101010
45204
17841
1332305
103212023
44510
256042
44872
413326
4134331
58589
160188
89A7
262720
333141
4102444
3310121
100011010111101
545201
100111110011000
5BA8
8276
20D53
332333
12189
5032
4347B
111565
33202011
44440
8C06
B8A7
231431
2B6
47CD
302351
110101001011001
8834
152631
29158
11AB6
13551
441422
102102000
354051
23113011
14CDC
18715
2981
BCE
51405
73398
403A5
38675
1843
3013421
33DD
10155
11120234
34749
748
166056
172365
33030313
63586
1000010000
33A09
503205
245C8
111203101
10010100001010001
C278
265711
5AA8
204030
17923
10446
33121233
19565
47713
E626
665A2
1011011122
17276
454430
A9D9
27186
54735
120660
28886
6A18
27003
2410031
E437
32561
2303333
150252
1301221
101D
545324
4595
100140
116802
25130
1101010101111110
15029
10420022
464336
131B8
17A08
150110
18C29
1022201211
917C
10111011011100111
50340
1C11A
2303304
10212121222
18725
1110101000000100
1102102112
102614
2358A
6E49
21307
1405500
1011011111100011
6C11
23331223
333064
1224414
1020212012
12812
10000100011
12000101220
311420
1673C
63B7
6782
11221102210
D919
501414
1015504
254BD
10000100001011110
2CA70
66249
313B8
31461
13B0E
7E9E
39501
46087
D30B
11210120112
13550
149E2
18391
48469
11101144
10111000111
1000101011010
2010021
110243
84889
1152554
3311130
1708E
1111101011010000
10011201002
1413022
1389
102061
56323
22312330
1211011120
EDD8
64147
1B297
32143
2000111
231040
512653
1002200101
1CC7B
1210201002
1376B
200AB
1312314
32133211
25418
1110111111110111
6252
45914
210121101
10202022000
301060
483A3
155465
162068
227572
7CCF
28A05
1111011010010111
412245
204A2
1D861
1505141
326454
47850
1233102
2221100011
1D06A
1413004
61210
434220
A532
10AB7
22384
17AAB
42056
4400041
10001101110010110
17844
B06F
11210021102
10022211012
214440
14200
46279
DCDF
10001011100000111
23138
67A1A
8CFB
1032444
165073
14CEE
CFED
B1A3
C40A
10000011100
11000001101100001
12323200
13580
1AA54
351265
215364
2B770
153480
2030535
23421
1111001011101011
204043
140035
7DC2
213500
100232112
252471
C49
142353
114134
38D7
215D8
42300
31353
65644
120373
10010101201
151654
1550415
