2
16
8
8
2
48
4
8
12
4
4
2
12
4
18
12
8
16
8
8
8
24
16
16
48
8
4
8
16
12
12
8
16
4
12
16
8
6
12
2
16
8
4
12
6
4
12
8
10
6
32
16
4
12
32
8
8
16
6
4
12
6
8
48
12
72
16
16
6
8
8
12
16
12
4
16
4
16
12
20
16
4
8
4
12
4
4
4
2
8
12
12
2
6
20
20
16
8
40
8
8
12
2
6
8
6
12
16
4
8
8
8
8
12
4
2
8
2
4
12
8
4
6
16
2
4
16
32
24
16
8
18
12
32
6
6
16
8
6
10
4
48
12
2
8
16
4
4
4
6
12
16
18
8
16
8
8
16
12
8
8
16
8
16
24
32
2
4
8
2
4
2
2
2
12
12
4
16
8
10
8
4
6
4
2
4
16
4
8
48
2
16
20
20
16
40
4
8
12
16
24
6
2
20
32
12
16
6
4
8
8
16
20
4
6
4
4
2
4
8
16
8
12
4
24
4
8
10
2
8
12
24
12
8
32
4
32
28
20
8
8
4
8
8
8
8
8
8
12
8
4
24
12
16
4
16
12
4
4
4
14
4
4
8
36
120
12
4
32
4
4
8
6
4
16
8
8
6
4
12
6
8
8
8
8
8
6
24
8
4
8
16
2
16
2
16
16
2
4
2
8
16
2
4
4
20
6
4
4
2
8
4
16
6
6
24
4
8
4
4
4
4
6
18
84
4
4
16
8
24
16
12
4
16
24
16
12
8
4
8
12
16
4
4
4
2
4
20
8
4
16
2
12
8
4
32
6
8
4
4
8
8
36
6
8
8
30
12
8
4
2
24
8
2
20
4
12
8
12
8
8
6
4
12
4
8
4
4
72
12
2
4
8
32
8
4
20
8
6
48
8
6
4
6
6
12
4
12
2
12
8
4
8
48
8
6
8
36
4
32
4
2
4
2
32
4
24
8
4
8
16
16
16
2
16
2
16
6
4
12
8
8
20
16
8
4
32
4
36
4
6
4
12
8
2
2
8
16
4
4
10
8
8
8
18
2
24
16
4
2
4
8
20
8
8
4
2
8
6
16
4
16
8
8
10
2
8
6
4
4
14
12
4
8
56
2
12
8
8
4
8
4
24
8
8
4
6
24
12
24
2
4
16
4
32
4
4
8
4
4
4
48
24
12
2
8
20
8
12
12
18
8
8
4
8
4
4
8
4
4
24
4
6
8
4
32
4
4
8
16
12
4
4
20
32
12
2
12
4
4
16
20
24
8
4
12
8
6
2
24
4
8
4
4
4
8
4
4
48
4
8
8
8
16
16
12
8
16
16
2
2
2
4
2
32
80
2
4
8
4
2
20
4
8
8
4
16
20
24
48
4
16
12
10
24
48
4
12
36
12
6
32
4
24
16
4
24
4
4
4
12
2
30
8
8
2
4
12
8
56
48
8
24
6
12
4
4
24
8
24
4
20
12
4
8
24
24
18
42
14
6
4
20
2
8
4
8
32
20
8
4
6
12
16
16
8
20
2
2
24
28
8
16
6
6
8
24
10
4
28
4
2
10
2
4
2
48
16
4
4
4
36
4
6
6
2
12
8
4
24
2
6
12
64
12
8
2
4
10
32
4
4
4
12
8
4
18
4
8
8
24
8
16
6
48
24
16
18
24
24
24
4
16
12
8
2
4
2
8
24
8
8
16
8
12
2
12
2
18
8
2
4
6
24
4
4
16
4
8
8
9
32
6
16
18
8
32
48
8
16
32
8
8
8
16
4
4
6
18
8
4
6
32
2
8
24
12
8
6
12
48
48
8
4
4
4
16
16
24
4
10
16
4
2
4
20
8
4
4
16
4
8
8
2
8
8
4
12
20
16
32
12
4
16
8
6
6
8
4
10
8
4
24
4
4
2
8
4
32
4
4
28
8
4
2
4
32
2
4
4
2
20
8
4
12
8
24
8
6
24
72
16
6
6
24
6
6
4
24
6
4
16
4
18
8
4
2
4
6
2
4
4
2
24
4
4
16
12
2
16
16
24
4
8
4
8
12
2
24
6
6
2
18
4
2
6
20
2
8
8
2
4
16
8
6
12
4
2
8
32
4
4
8
8
4
2
8
12
4
3
12
4
12
4
4
24
32
8
12
16
