715893624
983624715
624157983
571432896
896571432
432968571
147285369
268349157
359716248
431986725
859472136
672351489
315748692
798625314
264193578
583214967
946837251
127569843
395746128
127893654
846512973
971685432
632974581
584321796
263159847
719438265
458267319
928476513
173852694
465193728
319547862
857621349
642938175
734265981
591784236
286319457
427953861
315786249
896412753
731294685
249865317
658137492
172548936
564329178
983671524
164257938
392418576
578369241
921673485
645182397
783945162
257834619
419726853
836591724
641235798
783916245
295748163
368527914
159364827
427189536
576492381
914873652
832651479
398517642
472936581
516428973
751649238
683752194
924183756
839271465
247365819
165894327
423618579
596472831
781359246
875263194
169784325
342195687
218547963
957836412
634921758
157963842
492758163
368421795
924537681
671842539
835196274
783214956
516379428
249685317
431578692
285169734
796324158
973216845
624857913
518493267
849632571
162745389
357981426
719325468
652784391
384196572
567831249
428957613
931642857
173468925
296573184
845219736
453129768
219876534
768354219
826495173
135782496
974631852
392518647
547263981
681947325
948675231
753812469
261439578
327968145
194357682
685241397
539184726
876523914
412796853
427851639
538469712
916273548
692745183
153698274
874312965
245187396
381926457
769534821
374128569
625379814
819645237
183756942
752493186
946812753
491567328
268931475
537284691
916348257
473952861
285176493
361594728
542867139
798213546
624731985
857629314
139485672
974521386
386974152
521836749
749658213
213497568
658312497
895743621
167285934
432169875
621359478
789624315
534817296
865942137
972183564
143765829
298436751
316578942
457291683
783649125
914352687
526871943
352468791
869217534
471593268
295734816
147986352
638125479
