14769
19119
4080
15843
10508
10368
6829
15241
9883
24863
1186
22523
23073
23348
3290
17106
23517
11104
17492
1452
15704
23312
14046
18834
21476
15023
2381
13997
3017
11306
6582
4982
7968
3223
22377
1431
5917
14102
17406
14659
13573
12130
8120
1145
3645
16557
16818
2683
12142
5886
14615
19731
9613
18131
9408
15132
2577
23061
2316
9229
24149
16073
4901
17323
6211
15325
9838
12562
3227
22567
13401
20704
7576
15677
21415
6298
22657
3301
8518
11057
14895
8909
8344
7022
12236
2845
20268
8753
10872
7274
24173
12521
21682
20085
18548
18088
11355
9273
19689
6074
2657
8669
13329
14505
12213
22650
23751
16463
9042
20414
18136
6823
3548
21451
21200
16406
2244
21526
23763
4127
8913
16311
18125
23875
24384
9681
4713
23253
9313
2701
20929
12842
9454
6582
63
24119
14852
7516
19755
20507
24638
2365
20689
3703
11544
16238
23729
7570
6959
6418
1
14399
8588
11178
21907
11330
9550
8376
20555
11008
4732
11613
19352
20801
16421
23349
22893
3726
7845
14394
6455
23176
6344
2473
4648
11203
1223
12062
21924
22937
8545
23329
3965
22143
20327
15290
22229
17597
6883
21032
23180
19060
24417
15767
10254
6666
16356
10749
2202
17383
19154
13192
18966
5605
7304
13410
12330
5820
5260
20392
13882
15454
21804
7507
13357
13832
18244
17579
23849
15063
20189
20370
8477
9008
2008
3898
4205
18584
20807
8768
12772
5717
19404
1250
7543
17740
10379
14155
24445
7687
6750
20256
21625
13806
99
8599
3081
17526
18775
22580
21752
2039
8300
3882
10264
3461
21760
18255
5075
15952
2214
1917
19144
6238
24797
11136
18350
22248
5300
21493
2095
11303
17043
8442
8698
16732
8108
18992
11350
21029
8134
17146
1895
9654
1926
3820
21896
4878
7635
901
13792
13381
8205
19492
1613
24048
18366
5481
5054
4382
22016
3798
18463
16856
3189
6356
23425
3220
1437
12745
20667
6991
16531
15542
13313
1012
10029
18632
8977
24579
10210
6554
12867
1929
10650
12450
24882
16440
10860
18299
16641
24251
20971
15726
5760
16323
17201
24282
16285
4782
20893
17210
11199
19018
9182
41
18042
13167
19776
4689
7080
6676
6686
6126
24507
22004
21368
20132
18335
24696
21399
10194
4451
17047
11314
23861
24298
23008
22549
23355
9181
2860
10600
4926
17097
19537
24949
10773
14790
16873
4865
12123
13491
12087
18498
4071
18694
7073
19220
7607
24536
17748
14761
1876
19355
2619
2843
1152
18224
21924
7479
3169
17867
19831
14288
3069
13267
3688
677
12245
14022
11617
9450
18344
24608
12993
21294
6678
10394
19035
10363
23306
10088
7784
3262
15836
22669
6119
15240
11998
23116
9781
10307
24332
5664
6520
1881
5478
1594
23386
17853
23820
23531
20149
6828
471
326
12727
300
17959
21606
22623
24838
10506
11594
1831
22201
718
239
10772
24213
21041
5930
23519
6688
20288
3206
6663
6023
21958
8143
3004
23326
24807
23992
2787
18632
19142
10980
7902
4251
12474
23039
18772
6019
18210
10174
22855
8189
15993
6237
18007
15924
22394
1117
20168
4210
3070
11799
9761
12093
20514
4745
21231
17786
19782
2717
21363
8187
5723
10198
16
15942
13768
19379
911
13166
1914
3940
21626
12076
4094
23360
7662
7075
11830
13537
14105
5558
6228
16413
3401
7012
6993
1634
2010
24913
18719
7013
2432
15661
19882
20262
21651
21532
9326
21998
9324
20531
13997
8292
9805
14889
23936
23399
5383
20950
10457
12098
20977
4045
20882
7285
11141
9782
11601
3493
22106
11088
21188
24445
19817
9163
12230
11145
9675
2267
2480
5079
14088
24396
10436
18688
14799
19609
18663
4077
24393
5667
12381
24924
596
8220
13062
2973
24054
10539
887
11542
9851
19601
11332
1976
18703
10951
20190
22099
16963
3976
3305
12989
12845
5489
9239
19103
18669
14341
18351
5664
5148
6948
15862
23511
2377
14553
14522
22482
4132
14717
21140
12300
13485
11397
5052
10656
14322
15104
12168
22737
13479
2489
22083
21182
1221
3144
3446
17555
6035
2848
9987
15312
12908
19720
5739
24492
9129
4330
16230
97
20116
10943
14375
22484
13957
774
2248
24976
21132
13728
9326
23887
2030
17673
19893
4561
11948
7444
5617
14959
18235
17570
4799
3631
19288
18365
18022
10707
13969
13974
6742
21756
7554
13587
24050
19911
749
13922
21655
5642
6910
5071
4190
10675
1862
9923
2088
15030
24127
10164
8145
7447
9962
2688
4939
3861
7680
5342
19771
17615
23987
12063
2174
15079
17141
24885
21576
5602
18686
16283
20094
6024
8619
16002
845
9819
503
22648
23118
22805
3504
17124
22314
14094
18479
19206
87
24601
14287
505
13412
14016
8196
16254
15775
4795
20268
14018
15538
8757
10002
5333
3269
10380
18240
15956
8753
16238
20138
14443
12758
23080
23536
8676
2099
3324
17429
2681
8425
1170
22474
15469
9025
23892
18006
23608
18198
16770
14842
3770
3522
10214
2289
9758
3717
7628
5108
8233
2735
4818
7539
16555
5305
2805
20349
22754
8419
21825
9714
16936
4300
5224
5294
23017
17187
15326
21380
21862
2814
8981
24585
20013
2331
11592
6498
6818
7085
15075
4021
14930
24111
6985
20500
15150
8499
2406
8399
7316
8440
7141
11189
5948
11745
10570
9374
24342
5129
23663
13105
5577
20300
17740
9322
17276
10425
20383
1545
8850
11072
10512
12632
20725
3663
18055
325
12472
617
3019
4307
9941
10186
523
17676
1640
23260
15235
18540
1407
10297
12827
19235
5704
1109
14151
13754
23225
6585
546
530
7255
17802
10130
13660
10660
15976
7362
21350
15968
12682
8906
6972
24673
2337
14100
24445
10337
5263
21766
15507
2948
22256
11006
21137
20230
24869
19032
9679
16944
16481
12514
11798
12694
23919
15732
14386
538
3243
2731
1837
18567
6531
13029
18285
6783
10343
803
20980
12873
5930
23092
68
5534
24781
17638
15008
7352
24101
14311
19412
15284
902
